12-Jan-2017 10:46:28.298 정보 [main] org.apache.catalina.startup.VersionLoggerListener.log Server version:        Apache Tomcat/9.0.0.M15
12-Jan-2017 10:46:28.306 정보 [main] org.apache.catalina.startup.VersionLoggerListener.log Server built:          Dec 5 2016 13:44:25 UTC
12-Jan-2017 10:46:28.306 정보 [main] org.apache.catalina.startup.VersionLoggerListener.log Server number:         9.0.0.0
12-Jan-2017 10:46:28.307 정보 [main] org.apache.catalina.startup.VersionLoggerListener.log OS Name:               Windows 7
12-Jan-2017 10:46:28.307 정보 [main] org.apache.catalina.startup.VersionLoggerListener.log OS Version:            6.1
12-Jan-2017 10:46:28.308 정보 [main] org.apache.catalina.startup.VersionLoggerListener.log Architecture:          amd64
12-Jan-2017 10:46:28.308 정보 [main] org.apache.catalina.startup.VersionLoggerListener.log Java Home:             C:\Program Files\Java\jdk1.8.0_111\jre
12-Jan-2017 10:46:28.309 정보 [main] org.apache.catalina.startup.VersionLoggerListener.log JVM Version:           1.8.0_111-b14
12-Jan-2017 10:46:28.309 정보 [main] org.apache.catalina.startup.VersionLoggerListener.log JVM Vendor:            Oracle Corporation
12-Jan-2017 10:46:28.310 정보 [main] org.apache.catalina.startup.VersionLoggerListener.log CATALINA_BASE:         D:\minseok\SmartContents\java\apache-tomcat-9.0.0.M15-windows-x64\apache-tomcat-9.0.0.M15
12-Jan-2017 10:46:28.311 정보 [main] org.apache.catalina.startup.VersionLoggerListener.log CATALINA_HOME:         D:\minseok\SmartContents\java\apache-tomcat-9.0.0.M15-windows-x64\apache-tomcat-9.0.0.M15
12-Jan-2017 10:46:28.312 정보 [main] org.apache.catalina.startup.VersionLoggerListener.log Command line argument: -Djava.util.logging.config.file=D:\minseok\SmartContents\java\apache-tomcat-9.0.0.M15-windows-x64\apache-tomcat-9.0.0.M15\conf\logging.properties
12-Jan-2017 10:46:28.313 정보 [main] org.apache.catalina.startup.VersionLoggerListener.log Command line argument: -Djava.util.logging.manager=org.apache.juli.ClassLoaderLogManager
12-Jan-2017 10:46:28.313 정보 [main] org.apache.catalina.startup.VersionLoggerListener.log Command line argument: -Djdk.tls.ephemeralDHKeySize=2048
12-Jan-2017 10:46:28.314 정보 [main] org.apache.catalina.startup.VersionLoggerListener.log Command line argument: -Djava.protocol.handler.pkgs=org.apache.catalina.webresources
12-Jan-2017 10:46:28.315 정보 [main] org.apache.catalina.startup.VersionLoggerListener.log Command line argument: -Dcatalina.base=D:\minseok\SmartContents\java\apache-tomcat-9.0.0.M15-windows-x64\apache-tomcat-9.0.0.M15
12-Jan-2017 10:46:28.316 정보 [main] org.apache.catalina.startup.VersionLoggerListener.log Command line argument: -Dcatalina.home=D:\minseok\SmartContents\java\apache-tomcat-9.0.0.M15-windows-x64\apache-tomcat-9.0.0.M15
12-Jan-2017 10:46:28.316 정보 [main] org.apache.catalina.startup.VersionLoggerListener.log Command line argument: -Djava.io.tmpdir=D:\minseok\SmartContents\java\apache-tomcat-9.0.0.M15-windows-x64\apache-tomcat-9.0.0.M15\temp
12-Jan-2017 10:46:28.317 정보 [main] org.apache.catalina.core.AprLifecycleListener.lifecycleEvent Loaded APR based Apache Tomcat Native library 1.2.10 using APR version 1.5.2.
12-Jan-2017 10:46:28.318 정보 [main] org.apache.catalina.core.AprLifecycleListener.lifecycleEvent APR capabilities: IPv6 [true], sendfile [true], accept filters [false], random [true].
12-Jan-2017 10:46:28.318 정보 [main] org.apache.catalina.core.AprLifecycleListener.lifecycleEvent APR/OpenSSL configuration: useAprConnector [false], useOpenSSL [true]
12-Jan-2017 10:46:28.925 정보 [main] org.apache.catalina.core.AprLifecycleListener.initializeSSL OpenSSL successfully initialized (OpenSSL 1.0.2j  26 Sep 2016)
12-Jan-2017 10:46:29.110 정보 [main] org.apache.coyote.AbstractProtocol.init Initializing ProtocolHandler ["http-nio-8080"]
12-Jan-2017 10:46:29.221 정보 [main] org.apache.tomcat.util.net.NioSelectorPool.getSharedSelector Using a shared selector for servlet write/read
12-Jan-2017 10:46:29.228 정보 [main] org.apache.coyote.AbstractProtocol.init Initializing ProtocolHandler ["ajp-nio-8009"]
12-Jan-2017 10:46:29.230 정보 [main] org.apache.tomcat.util.net.NioSelectorPool.getSharedSelector Using a shared selector for servlet write/read
12-Jan-2017 10:46:29.231 정보 [main] org.apache.catalina.startup.Catalina.load Initialization processed in 1467 ms
12-Jan-2017 10:46:29.257 정보 [main] org.apache.catalina.core.StandardService.startInternal Starting service Catalina
12-Jan-2017 10:46:29.258 정보 [main] org.apache.catalina.core.StandardEngine.startInternal Starting Servlet Engine: Apache Tomcat/9.0.0.M15
12-Jan-2017 10:46:29.274 정보 [localhost-startStop-1] org.apache.catalina.startup.HostConfig.deployDescriptor Deploying configuration descriptor D:\minseok\SmartContents\java\apache-tomcat-9.0.0.M15-windows-x64\apache-tomcat-9.0.0.M15\conf\Catalina\localhost\MyHome2.xml
12-Jan-2017 10:46:29.676 정보 [localhost-startStop-1] org.apache.catalina.startup.HostConfig.deployDescriptor Deployment of configuration descriptor D:\minseok\SmartContents\java\apache-tomcat-9.0.0.M15-windows-x64\apache-tomcat-9.0.0.M15\conf\Catalina\localhost\MyHome2.xml has finished in 402 ms
12-Jan-2017 10:46:29.678 정보 [localhost-startStop-1] org.apache.catalina.startup.HostConfig.deployDirectory Deploying web application directory D:\minseok\SmartContents\java\apache-tomcat-9.0.0.M15-windows-x64\apache-tomcat-9.0.0.M15\webapps\docs
12-Jan-2017 10:46:29.709 정보 [localhost-startStop-1] org.apache.catalina.startup.HostConfig.deployDirectory Deployment of web application directory D:\minseok\SmartContents\java\apache-tomcat-9.0.0.M15-windows-x64\apache-tomcat-9.0.0.M15\webapps\docs has finished in 31 ms
12-Jan-2017 10:46:29.710 정보 [localhost-startStop-1] org.apache.catalina.startup.HostConfig.deployDirectory Deploying web application directory D:\minseok\SmartContents\java\apache-tomcat-9.0.0.M15-windows-x64\apache-tomcat-9.0.0.M15\webapps\examples
12-Jan-2017 10:46:30.085 정보 [localhost-startStop-1] org.apache.catalina.startup.HostConfig.deployDirectory Deployment of web application directory D:\minseok\SmartContents\java\apache-tomcat-9.0.0.M15-windows-x64\apache-tomcat-9.0.0.M15\webapps\examples has finished in 375 ms
12-Jan-2017 10:46:30.086 정보 [localhost-startStop-1] org.apache.catalina.startup.HostConfig.deployDirectory Deploying web application directory D:\minseok\SmartContents\java\apache-tomcat-9.0.0.M15-windows-x64\apache-tomcat-9.0.0.M15\webapps\host-manager
12-Jan-2017 10:46:30.119 정보 [localhost-startStop-1] org.apache.catalina.startup.HostConfig.deployDirectory Deployment of web application directory D:\minseok\SmartContents\java\apache-tomcat-9.0.0.M15-windows-x64\apache-tomcat-9.0.0.M15\webapps\host-manager has finished in 33 ms
12-Jan-2017 10:46:30.119 정보 [localhost-startStop-1] org.apache.catalina.startup.HostConfig.deployDirectory Deploying web application directory D:\minseok\SmartContents\java\apache-tomcat-9.0.0.M15-windows-x64\apache-tomcat-9.0.0.M15\webapps\manager
12-Jan-2017 10:46:30.138 정보 [localhost-startStop-1] org.apache.catalina.startup.HostConfig.deployDirectory Deployment of web application directory D:\minseok\SmartContents\java\apache-tomcat-9.0.0.M15-windows-x64\apache-tomcat-9.0.0.M15\webapps\manager has finished in 19 ms
12-Jan-2017 10:46:30.142 정보 [localhost-startStop-1] org.apache.catalina.startup.HostConfig.deployDirectory Deploying web application directory D:\minseok\SmartContents\java\apache-tomcat-9.0.0.M15-windows-x64\apache-tomcat-9.0.0.M15\webapps\ROOT
12-Jan-2017 10:46:30.154 정보 [localhost-startStop-1] org.apache.catalina.startup.HostConfig.deployDirectory Deployment of web application directory D:\minseok\SmartContents\java\apache-tomcat-9.0.0.M15-windows-x64\apache-tomcat-9.0.0.M15\webapps\ROOT has finished in 13 ms
12-Jan-2017 10:46:30.162 정보 [main] org.apache.coyote.AbstractProtocol.start Starting ProtocolHandler [http-nio-8080]
12-Jan-2017 10:46:30.168 정보 [main] org.apache.coyote.AbstractProtocol.start Starting ProtocolHandler [ajp-nio-8009]
12-Jan-2017 10:46:30.170 정보 [main] org.apache.catalina.startup.Catalina.start Server startup in 938 ms
12-Jan-2017 10:50:30.296 정보 [localhost-startStop-2] org.apache.catalina.startup.HostConfig.deployDescriptor Deploying configuration descriptor D:\minseok\SmartContents\java\apache-tomcat-9.0.0.M15-windows-x64\apache-tomcat-9.0.0.M15\conf\Catalina\localhost\MyHome3.xml
12-Jan-2017 10:50:30.335 정보 [localhost-startStop-2] org.apache.catalina.startup.HostConfig.deployDescriptor Deployment of configuration descriptor D:\minseok\SmartContents\java\apache-tomcat-9.0.0.M15-windows-x64\apache-tomcat-9.0.0.M15\conf\Catalina\localhost\MyHome3.xml has finished in 39 ms
12-Jan-2017 10:51:20.359 정보 [ContainerBackgroundProcessor[StandardEngine[Catalina]]] org.apache.catalina.startup.HostConfig.undeploy Undeploying context [/MyHome3]
12-Jan-2017 10:51:20.418 정보 [localhost-startStop-3] org.apache.catalina.startup.HostConfig.deployDescriptor Deploying configuration descriptor D:\minseok\SmartContents\java\apache-tomcat-9.0.0.M15-windows-x64\apache-tomcat-9.0.0.M15\conf\Catalina\localhost\MyHome3.xml
12-Jan-2017 10:51:20.457 정보 [localhost-startStop-3] org.apache.catalina.startup.HostConfig.deployDescriptor Deployment of configuration descriptor D:\minseok\SmartContents\java\apache-tomcat-9.0.0.M15-windows-x64\apache-tomcat-9.0.0.M15\conf\Catalina\localhost\MyHome3.xml has finished in 39 ms
12-Jan-2017 10:56:25.010 정보 [main] org.apache.catalina.startup.VersionLoggerListener.log Server version:        Apache Tomcat/9.0.0.M15
12-Jan-2017 10:56:25.015 정보 [main] org.apache.catalina.startup.VersionLoggerListener.log Server built:          Dec 5 2016 13:44:25 UTC
12-Jan-2017 10:56:25.016 정보 [main] org.apache.catalina.startup.VersionLoggerListener.log Server number:         9.0.0.0
12-Jan-2017 10:56:25.017 정보 [main] org.apache.catalina.startup.VersionLoggerListener.log OS Name:               Windows 7
12-Jan-2017 10:56:25.017 정보 [main] org.apache.catalina.startup.VersionLoggerListener.log OS Version:            6.1
12-Jan-2017 10:56:25.018 정보 [main] org.apache.catalina.startup.VersionLoggerListener.log Architecture:          amd64
12-Jan-2017 10:56:25.018 정보 [main] org.apache.catalina.startup.VersionLoggerListener.log Java Home:             C:\Program Files\Java\jdk1.8.0_111\jre
12-Jan-2017 10:56:25.019 정보 [main] org.apache.catalina.startup.VersionLoggerListener.log JVM Version:           1.8.0_111-b14
12-Jan-2017 10:56:25.020 정보 [main] org.apache.catalina.startup.VersionLoggerListener.log JVM Vendor:            Oracle Corporation
12-Jan-2017 10:56:25.020 정보 [main] org.apache.catalina.startup.VersionLoggerListener.log CATALINA_BASE:         D:\minseok\SmartContents\java\apache-tomcat-9.0.0.M15-windows-x64\apache-tomcat-9.0.0.M15
12-Jan-2017 10:56:25.022 정보 [main] org.apache.catalina.startup.VersionLoggerListener.log CATALINA_HOME:         D:\minseok\SmartContents\java\apache-tomcat-9.0.0.M15-windows-x64\apache-tomcat-9.0.0.M15
12-Jan-2017 10:56:25.023 정보 [main] org.apache.catalina.startup.VersionLoggerListener.log Command line argument: -Djava.util.logging.config.file=D:\minseok\SmartContents\java\apache-tomcat-9.0.0.M15-windows-x64\apache-tomcat-9.0.0.M15\conf\logging.properties
12-Jan-2017 10:56:25.024 정보 [main] org.apache.catalina.startup.VersionLoggerListener.log Command line argument: -Djava.util.logging.manager=org.apache.juli.ClassLoaderLogManager
12-Jan-2017 10:56:25.026 정보 [main] org.apache.catalina.startup.VersionLoggerListener.log Command line argument: -Djdk.tls.ephemeralDHKeySize=2048
12-Jan-2017 10:56:25.028 정보 [main] org.apache.catalina.startup.VersionLoggerListener.log Command line argument: -Djava.protocol.handler.pkgs=org.apache.catalina.webresources
12-Jan-2017 10:56:25.028 정보 [main] org.apache.catalina.startup.VersionLoggerListener.log Command line argument: -Dcatalina.base=D:\minseok\SmartContents\java\apache-tomcat-9.0.0.M15-windows-x64\apache-tomcat-9.0.0.M15
12-Jan-2017 10:56:25.029 정보 [main] org.apache.catalina.startup.VersionLoggerListener.log Command line argument: -Dcatalina.home=D:\minseok\SmartContents\java\apache-tomcat-9.0.0.M15-windows-x64\apache-tomcat-9.0.0.M15
12-Jan-2017 10:56:25.031 정보 [main] org.apache.catalina.startup.VersionLoggerListener.log Command line argument: -Djava.io.tmpdir=D:\minseok\SmartContents\java\apache-tomcat-9.0.0.M15-windows-x64\apache-tomcat-9.0.0.M15\temp
12-Jan-2017 10:56:25.033 정보 [main] org.apache.catalina.core.AprLifecycleListener.lifecycleEvent Loaded APR based Apache Tomcat Native library 1.2.10 using APR version 1.5.2.
12-Jan-2017 10:56:25.034 정보 [main] org.apache.catalina.core.AprLifecycleListener.lifecycleEvent APR capabilities: IPv6 [true], sendfile [true], accept filters [false], random [true].
12-Jan-2017 10:56:25.035 정보 [main] org.apache.catalina.core.AprLifecycleListener.lifecycleEvent APR/OpenSSL configuration: useAprConnector [false], useOpenSSL [true]
12-Jan-2017 10:56:25.517 정보 [main] org.apache.catalina.core.AprLifecycleListener.initializeSSL OpenSSL successfully initialized (OpenSSL 1.0.2j  26 Sep 2016)
12-Jan-2017 10:56:25.610 정보 [main] org.apache.coyote.AbstractProtocol.init Initializing ProtocolHandler ["http-nio-8080"]
12-Jan-2017 10:56:25.688 정보 [main] org.apache.tomcat.util.net.NioSelectorPool.getSharedSelector Using a shared selector for servlet write/read
12-Jan-2017 10:56:25.691 정보 [main] org.apache.coyote.AbstractProtocol.init Initializing ProtocolHandler ["ajp-nio-8009"]
12-Jan-2017 10:56:25.693 정보 [main] org.apache.tomcat.util.net.NioSelectorPool.getSharedSelector Using a shared selector for servlet write/read
12-Jan-2017 10:56:25.694 정보 [main] org.apache.catalina.startup.Catalina.load Initialization processed in 1021 ms
12-Jan-2017 10:56:25.714 정보 [main] org.apache.catalina.core.StandardService.startInternal Starting service Catalina
12-Jan-2017 10:56:25.718 정보 [main] org.apache.catalina.core.StandardEngine.startInternal Starting Servlet Engine: Apache Tomcat/9.0.0.M15
12-Jan-2017 10:56:25.729 정보 [localhost-startStop-1] org.apache.catalina.startup.HostConfig.deployDescriptor Deploying configuration descriptor D:\minseok\SmartContents\java\apache-tomcat-9.0.0.M15-windows-x64\apache-tomcat-9.0.0.M15\conf\Catalina\localhost\MyHome2.xml
12-Jan-2017 10:56:26.015 정보 [localhost-startStop-1] org.apache.catalina.startup.HostConfig.deployDescriptor Deployment of configuration descriptor D:\minseok\SmartContents\java\apache-tomcat-9.0.0.M15-windows-x64\apache-tomcat-9.0.0.M15\conf\Catalina\localhost\MyHome2.xml has finished in 286 ms
12-Jan-2017 10:56:26.017 정보 [localhost-startStop-1] org.apache.catalina.startup.HostConfig.deployDescriptor Deploying configuration descriptor D:\minseok\SmartContents\java\apache-tomcat-9.0.0.M15-windows-x64\apache-tomcat-9.0.0.M15\conf\Catalina\localhost\MyHome3.xml
12-Jan-2017 10:56:26.037 정보 [localhost-startStop-1] org.apache.catalina.startup.HostConfig.deployDescriptor Deployment of configuration descriptor D:\minseok\SmartContents\java\apache-tomcat-9.0.0.M15-windows-x64\apache-tomcat-9.0.0.M15\conf\Catalina\localhost\MyHome3.xml has finished in 21 ms
12-Jan-2017 10:56:26.039 정보 [localhost-startStop-1] org.apache.catalina.startup.HostConfig.deployDirectory Deploying web application directory D:\minseok\SmartContents\java\apache-tomcat-9.0.0.M15-windows-x64\apache-tomcat-9.0.0.M15\webapps\docs
12-Jan-2017 10:56:26.053 정보 [localhost-startStop-1] org.apache.catalina.startup.HostConfig.deployDirectory Deployment of web application directory D:\minseok\SmartContents\java\apache-tomcat-9.0.0.M15-windows-x64\apache-tomcat-9.0.0.M15\webapps\docs has finished in 14 ms
12-Jan-2017 10:56:26.054 정보 [localhost-startStop-1] org.apache.catalina.startup.HostConfig.deployDirectory Deploying web application directory D:\minseok\SmartContents\java\apache-tomcat-9.0.0.M15-windows-x64\apache-tomcat-9.0.0.M15\webapps\examples
12-Jan-2017 10:56:26.334 정보 [localhost-startStop-1] org.apache.catalina.startup.HostConfig.deployDirectory Deployment of web application directory D:\minseok\SmartContents\java\apache-tomcat-9.0.0.M15-windows-x64\apache-tomcat-9.0.0.M15\webapps\examples has finished in 280 ms
12-Jan-2017 10:56:26.335 정보 [localhost-startStop-1] org.apache.catalina.startup.HostConfig.deployDirectory Deploying web application directory D:\minseok\SmartContents\java\apache-tomcat-9.0.0.M15-windows-x64\apache-tomcat-9.0.0.M15\webapps\host-manager
12-Jan-2017 10:56:26.362 정보 [localhost-startStop-1] org.apache.catalina.startup.HostConfig.deployDirectory Deployment of web application directory D:\minseok\SmartContents\java\apache-tomcat-9.0.0.M15-windows-x64\apache-tomcat-9.0.0.M15\webapps\host-manager has finished in 27 ms
12-Jan-2017 10:56:26.363 정보 [localhost-startStop-1] org.apache.catalina.startup.HostConfig.deployDirectory Deploying web application directory D:\minseok\SmartContents\java\apache-tomcat-9.0.0.M15-windows-x64\apache-tomcat-9.0.0.M15\webapps\manager
12-Jan-2017 10:56:26.386 정보 [localhost-startStop-1] org.apache.catalina.startup.HostConfig.deployDirectory Deployment of web application directory D:\minseok\SmartContents\java\apache-tomcat-9.0.0.M15-windows-x64\apache-tomcat-9.0.0.M15\webapps\manager has finished in 23 ms
12-Jan-2017 10:56:26.387 정보 [localhost-startStop-1] org.apache.catalina.startup.HostConfig.deployDirectory Deploying web application directory D:\minseok\SmartContents\java\apache-tomcat-9.0.0.M15-windows-x64\apache-tomcat-9.0.0.M15\webapps\ROOT
12-Jan-2017 10:56:26.404 정보 [localhost-startStop-1] org.apache.catalina.startup.HostConfig.deployDirectory Deployment of web application directory D:\minseok\SmartContents\java\apache-tomcat-9.0.0.M15-windows-x64\apache-tomcat-9.0.0.M15\webapps\ROOT has finished in 17 ms
12-Jan-2017 10:56:26.409 정보 [main] org.apache.coyote.AbstractProtocol.start Starting ProtocolHandler [http-nio-8080]
12-Jan-2017 10:56:26.417 정보 [main] org.apache.coyote.AbstractProtocol.start Starting ProtocolHandler [ajp-nio-8009]
12-Jan-2017 10:56:26.420 정보 [main] org.apache.catalina.startup.Catalina.start Server startup in 725 ms
