16-Jan-2017 14:20:21.205 정보 [main] org.apache.catalina.startup.VersionLoggerListener.log Server version:        Apache Tomcat/9.0.0.M15
16-Jan-2017 14:20:21.214 정보 [main] org.apache.catalina.startup.VersionLoggerListener.log Server built:          Dec 5 2016 13:44:25 UTC
16-Jan-2017 14:20:21.215 정보 [main] org.apache.catalina.startup.VersionLoggerListener.log Server number:         9.0.0.0
16-Jan-2017 14:20:21.216 정보 [main] org.apache.catalina.startup.VersionLoggerListener.log OS Name:               Windows 7
16-Jan-2017 14:20:21.217 정보 [main] org.apache.catalina.startup.VersionLoggerListener.log OS Version:            6.1
16-Jan-2017 14:20:21.219 정보 [main] org.apache.catalina.startup.VersionLoggerListener.log Architecture:          amd64
16-Jan-2017 14:20:21.219 정보 [main] org.apache.catalina.startup.VersionLoggerListener.log Java Home:             C:\Program Files\Java\jdk1.8.0_111\jre
16-Jan-2017 14:20:21.220 정보 [main] org.apache.catalina.startup.VersionLoggerListener.log JVM Version:           1.8.0_111-b14
16-Jan-2017 14:20:21.221 정보 [main] org.apache.catalina.startup.VersionLoggerListener.log JVM Vendor:            Oracle Corporation
16-Jan-2017 14:20:21.222 정보 [main] org.apache.catalina.startup.VersionLoggerListener.log CATALINA_BASE:         D:\minseok\SmartContents\java\apache-tomcat-9.0.0.M15-windows-x64\apache-tomcat-9.0.0.M15
16-Jan-2017 14:20:21.223 정보 [main] org.apache.catalina.startup.VersionLoggerListener.log CATALINA_HOME:         D:\minseok\SmartContents\java\apache-tomcat-9.0.0.M15-windows-x64\apache-tomcat-9.0.0.M15
16-Jan-2017 14:20:21.224 정보 [main] org.apache.catalina.startup.VersionLoggerListener.log Command line argument: -Djava.util.logging.config.file=D:\minseok\SmartContents\java\apache-tomcat-9.0.0.M15-windows-x64\apache-tomcat-9.0.0.M15\conf\logging.properties
16-Jan-2017 14:20:21.225 정보 [main] org.apache.catalina.startup.VersionLoggerListener.log Command line argument: -Djava.util.logging.manager=org.apache.juli.ClassLoaderLogManager
16-Jan-2017 14:20:21.227 정보 [main] org.apache.catalina.startup.VersionLoggerListener.log Command line argument: -Djdk.tls.ephemeralDHKeySize=2048
16-Jan-2017 14:20:21.228 정보 [main] org.apache.catalina.startup.VersionLoggerListener.log Command line argument: -Djava.protocol.handler.pkgs=org.apache.catalina.webresources
16-Jan-2017 14:20:21.229 정보 [main] org.apache.catalina.startup.VersionLoggerListener.log Command line argument: -Dcatalina.base=D:\minseok\SmartContents\java\apache-tomcat-9.0.0.M15-windows-x64\apache-tomcat-9.0.0.M15
16-Jan-2017 14:20:21.230 정보 [main] org.apache.catalina.startup.VersionLoggerListener.log Command line argument: -Dcatalina.home=D:\minseok\SmartContents\java\apache-tomcat-9.0.0.M15-windows-x64\apache-tomcat-9.0.0.M15
16-Jan-2017 14:20:21.233 정보 [main] org.apache.catalina.startup.VersionLoggerListener.log Command line argument: -Djava.io.tmpdir=D:\minseok\SmartContents\java\apache-tomcat-9.0.0.M15-windows-x64\apache-tomcat-9.0.0.M15\temp
16-Jan-2017 14:20:21.234 정보 [main] org.apache.catalina.core.AprLifecycleListener.lifecycleEvent Loaded APR based Apache Tomcat Native library 1.2.10 using APR version 1.5.2.
16-Jan-2017 14:20:21.235 정보 [main] org.apache.catalina.core.AprLifecycleListener.lifecycleEvent APR capabilities: IPv6 [true], sendfile [true], accept filters [false], random [true].
16-Jan-2017 14:20:21.236 정보 [main] org.apache.catalina.core.AprLifecycleListener.lifecycleEvent APR/OpenSSL configuration: useAprConnector [false], useOpenSSL [true]
16-Jan-2017 14:20:21.926 정보 [main] org.apache.catalina.core.AprLifecycleListener.initializeSSL OpenSSL successfully initialized (OpenSSL 1.0.2j  26 Sep 2016)
16-Jan-2017 14:20:22.146 정보 [main] org.apache.coyote.AbstractProtocol.init Initializing ProtocolHandler ["http-nio-8080"]
16-Jan-2017 14:20:22.313 정보 [main] org.apache.tomcat.util.net.NioSelectorPool.getSharedSelector Using a shared selector for servlet write/read
16-Jan-2017 14:20:22.319 정보 [main] org.apache.coyote.AbstractProtocol.init Initializing ProtocolHandler ["ajp-nio-8009"]
16-Jan-2017 14:20:22.322 정보 [main] org.apache.tomcat.util.net.NioSelectorPool.getSharedSelector Using a shared selector for servlet write/read
16-Jan-2017 14:20:22.323 정보 [main] org.apache.catalina.startup.Catalina.load Initialization processed in 1892 ms
16-Jan-2017 14:20:22.365 정보 [main] org.apache.catalina.core.StandardService.startInternal Starting service Catalina
16-Jan-2017 14:20:22.367 정보 [main] org.apache.catalina.core.StandardEngine.startInternal Starting Servlet Engine: Apache Tomcat/9.0.0.M15
16-Jan-2017 14:20:22.401 정보 [localhost-startStop-1] org.apache.catalina.startup.HostConfig.deployDescriptor Deploying configuration descriptor D:\minseok\SmartContents\java\apache-tomcat-9.0.0.M15-windows-x64\apache-tomcat-9.0.0.M15\conf\Catalina\localhost\MyHome2.xml
16-Jan-2017 14:20:22.967 정보 [localhost-startStop-1] org.apache.catalina.startup.HostConfig.deployDescriptor Deployment of configuration descriptor D:\minseok\SmartContents\java\apache-tomcat-9.0.0.M15-windows-x64\apache-tomcat-9.0.0.M15\conf\Catalina\localhost\MyHome2.xml has finished in 566 ms
16-Jan-2017 14:20:22.968 정보 [localhost-startStop-1] org.apache.catalina.startup.HostConfig.deployDescriptor Deploying configuration descriptor D:\minseok\SmartContents\java\apache-tomcat-9.0.0.M15-windows-x64\apache-tomcat-9.0.0.M15\conf\Catalina\localhost\MyHome3.xml
16-Jan-2017 14:20:22.996 정보 [localhost-startStop-1] org.apache.catalina.startup.HostConfig.deployDescriptor Deployment of configuration descriptor D:\minseok\SmartContents\java\apache-tomcat-9.0.0.M15-windows-x64\apache-tomcat-9.0.0.M15\conf\Catalina\localhost\MyHome3.xml has finished in 28 ms
16-Jan-2017 14:20:22.997 정보 [localhost-startStop-1] org.apache.catalina.startup.HostConfig.deployDescriptor Deploying configuration descriptor D:\minseok\SmartContents\java\apache-tomcat-9.0.0.M15-windows-x64\apache-tomcat-9.0.0.M15\conf\Catalina\localhost\MyHome4.xml
16-Jan-2017 14:20:23.020 정보 [localhost-startStop-1] org.apache.catalina.startup.HostConfig.deployDescriptor Deployment of configuration descriptor D:\minseok\SmartContents\java\apache-tomcat-9.0.0.M15-windows-x64\apache-tomcat-9.0.0.M15\conf\Catalina\localhost\MyHome4.xml has finished in 23 ms
16-Jan-2017 14:20:23.022 정보 [localhost-startStop-1] org.apache.catalina.startup.HostConfig.deployDirectory Deploying web application directory D:\minseok\SmartContents\java\apache-tomcat-9.0.0.M15-windows-x64\apache-tomcat-9.0.0.M15\webapps\docs
16-Jan-2017 14:20:23.054 정보 [localhost-startStop-1] org.apache.catalina.startup.HostConfig.deployDirectory Deployment of web application directory D:\minseok\SmartContents\java\apache-tomcat-9.0.0.M15-windows-x64\apache-tomcat-9.0.0.M15\webapps\docs has finished in 32 ms
16-Jan-2017 14:20:23.055 정보 [localhost-startStop-1] org.apache.catalina.startup.HostConfig.deployDirectory Deploying web application directory D:\minseok\SmartContents\java\apache-tomcat-9.0.0.M15-windows-x64\apache-tomcat-9.0.0.M15\webapps\examples
16-Jan-2017 14:20:23.632 정보 [localhost-startStop-1] org.apache.catalina.startup.HostConfig.deployDirectory Deployment of web application directory D:\minseok\SmartContents\java\apache-tomcat-9.0.0.M15-windows-x64\apache-tomcat-9.0.0.M15\webapps\examples has finished in 577 ms
16-Jan-2017 14:20:23.634 정보 [localhost-startStop-1] org.apache.catalina.startup.HostConfig.deployDirectory Deploying web application directory D:\minseok\SmartContents\java\apache-tomcat-9.0.0.M15-windows-x64\apache-tomcat-9.0.0.M15\webapps\host-manager
16-Jan-2017 14:20:23.697 정보 [localhost-startStop-1] org.apache.catalina.startup.HostConfig.deployDirectory Deployment of web application directory D:\minseok\SmartContents\java\apache-tomcat-9.0.0.M15-windows-x64\apache-tomcat-9.0.0.M15\webapps\host-manager has finished in 64 ms
16-Jan-2017 14:20:23.701 정보 [localhost-startStop-1] org.apache.catalina.startup.HostConfig.deployDirectory Deploying web application directory D:\minseok\SmartContents\java\apache-tomcat-9.0.0.M15-windows-x64\apache-tomcat-9.0.0.M15\webapps\manager
16-Jan-2017 14:20:23.747 정보 [localhost-startStop-1] org.apache.catalina.startup.HostConfig.deployDirectory Deployment of web application directory D:\minseok\SmartContents\java\apache-tomcat-9.0.0.M15-windows-x64\apache-tomcat-9.0.0.M15\webapps\manager has finished in 46 ms
16-Jan-2017 14:20:23.749 정보 [localhost-startStop-1] org.apache.catalina.startup.HostConfig.deployDirectory Deploying web application directory D:\minseok\SmartContents\java\apache-tomcat-9.0.0.M15-windows-x64\apache-tomcat-9.0.0.M15\webapps\ROOT
16-Jan-2017 14:20:23.785 정보 [localhost-startStop-1] org.apache.catalina.startup.HostConfig.deployDirectory Deployment of web application directory D:\minseok\SmartContents\java\apache-tomcat-9.0.0.M15-windows-x64\apache-tomcat-9.0.0.M15\webapps\ROOT has finished in 36 ms
16-Jan-2017 14:20:23.796 정보 [main] org.apache.coyote.AbstractProtocol.start Starting ProtocolHandler [http-nio-8080]
16-Jan-2017 14:20:23.807 정보 [main] org.apache.coyote.AbstractProtocol.start Starting ProtocolHandler [ajp-nio-8009]
16-Jan-2017 14:20:23.816 정보 [main] org.apache.catalina.startup.Catalina.start Server startup in 1491 ms
16-Jan-2017 14:21:02.100 정보 [main] org.apache.catalina.startup.VersionLoggerListener.log Server version:        Apache Tomcat/9.0.0.M15
16-Jan-2017 14:21:02.105 정보 [main] org.apache.catalina.startup.VersionLoggerListener.log Server built:          Dec 5 2016 13:44:25 UTC
16-Jan-2017 14:21:02.106 정보 [main] org.apache.catalina.startup.VersionLoggerListener.log Server number:         9.0.0.0
16-Jan-2017 14:21:02.106 정보 [main] org.apache.catalina.startup.VersionLoggerListener.log OS Name:               Windows 7
16-Jan-2017 14:21:02.107 정보 [main] org.apache.catalina.startup.VersionLoggerListener.log OS Version:            6.1
16-Jan-2017 14:21:02.107 정보 [main] org.apache.catalina.startup.VersionLoggerListener.log Architecture:          amd64
16-Jan-2017 14:21:02.109 정보 [main] org.apache.catalina.startup.VersionLoggerListener.log Java Home:             C:\Program Files\Java\jdk1.8.0_111\jre
16-Jan-2017 14:21:02.110 정보 [main] org.apache.catalina.startup.VersionLoggerListener.log JVM Version:           1.8.0_111-b14
16-Jan-2017 14:21:02.110 정보 [main] org.apache.catalina.startup.VersionLoggerListener.log JVM Vendor:            Oracle Corporation
16-Jan-2017 14:21:02.111 정보 [main] org.apache.catalina.startup.VersionLoggerListener.log CATALINA_BASE:         D:\minseok\SmartContents\java\apache-tomcat-9.0.0.M15-windows-x64\apache-tomcat-9.0.0.M15
16-Jan-2017 14:21:02.113 정보 [main] org.apache.catalina.startup.VersionLoggerListener.log CATALINA_HOME:         D:\minseok\SmartContents\java\apache-tomcat-9.0.0.M15-windows-x64\apache-tomcat-9.0.0.M15
16-Jan-2017 14:21:02.115 정보 [main] org.apache.catalina.startup.VersionLoggerListener.log Command line argument: -Djava.util.logging.config.file=D:\minseok\SmartContents\java\apache-tomcat-9.0.0.M15-windows-x64\apache-tomcat-9.0.0.M15\conf\logging.properties
16-Jan-2017 14:21:02.116 정보 [main] org.apache.catalina.startup.VersionLoggerListener.log Command line argument: -Djava.util.logging.manager=org.apache.juli.ClassLoaderLogManager
16-Jan-2017 14:21:02.117 정보 [main] org.apache.catalina.startup.VersionLoggerListener.log Command line argument: -Djdk.tls.ephemeralDHKeySize=2048
16-Jan-2017 14:21:02.118 정보 [main] org.apache.catalina.startup.VersionLoggerListener.log Command line argument: -Djava.protocol.handler.pkgs=org.apache.catalina.webresources
16-Jan-2017 14:21:02.119 정보 [main] org.apache.catalina.startup.VersionLoggerListener.log Command line argument: -Dcatalina.base=D:\minseok\SmartContents\java\apache-tomcat-9.0.0.M15-windows-x64\apache-tomcat-9.0.0.M15
16-Jan-2017 14:21:02.119 정보 [main] org.apache.catalina.startup.VersionLoggerListener.log Command line argument: -Dcatalina.home=D:\minseok\SmartContents\java\apache-tomcat-9.0.0.M15-windows-x64\apache-tomcat-9.0.0.M15
16-Jan-2017 14:21:02.120 정보 [main] org.apache.catalina.startup.VersionLoggerListener.log Command line argument: -Djava.io.tmpdir=D:\minseok\SmartContents\java\apache-tomcat-9.0.0.M15-windows-x64\apache-tomcat-9.0.0.M15\temp
16-Jan-2017 14:21:02.121 정보 [main] org.apache.catalina.core.AprLifecycleListener.lifecycleEvent Loaded APR based Apache Tomcat Native library 1.2.10 using APR version 1.5.2.
16-Jan-2017 14:21:02.122 정보 [main] org.apache.catalina.core.AprLifecycleListener.lifecycleEvent APR capabilities: IPv6 [true], sendfile [true], accept filters [false], random [true].
16-Jan-2017 14:21:02.123 정보 [main] org.apache.catalina.core.AprLifecycleListener.lifecycleEvent APR/OpenSSL configuration: useAprConnector [false], useOpenSSL [true]
16-Jan-2017 14:21:02.829 정보 [main] org.apache.catalina.core.AprLifecycleListener.initializeSSL OpenSSL successfully initialized (OpenSSL 1.0.2j  26 Sep 2016)
16-Jan-2017 14:21:03.049 정보 [main] org.apache.coyote.AbstractProtocol.init Initializing ProtocolHandler ["http-nio-8080"]
16-Jan-2017 14:21:03.169 정보 [main] org.apache.tomcat.util.net.NioSelectorPool.getSharedSelector Using a shared selector for servlet write/read
16-Jan-2017 14:21:03.172 정보 [main] org.apache.coyote.AbstractProtocol.init Initializing ProtocolHandler ["ajp-nio-8009"]
16-Jan-2017 14:21:03.178 정보 [main] org.apache.tomcat.util.net.NioSelectorPool.getSharedSelector Using a shared selector for servlet write/read
16-Jan-2017 14:21:03.180 정보 [main] org.apache.catalina.startup.Catalina.load Initialization processed in 1585 ms
16-Jan-2017 14:21:03.211 정보 [main] org.apache.catalina.core.StandardService.startInternal Starting service Catalina
16-Jan-2017 14:21:03.213 정보 [main] org.apache.catalina.core.StandardEngine.startInternal Starting Servlet Engine: Apache Tomcat/9.0.0.M15
16-Jan-2017 14:21:03.236 정보 [localhost-startStop-1] org.apache.catalina.startup.HostConfig.deployDescriptor Deploying configuration descriptor D:\minseok\SmartContents\java\apache-tomcat-9.0.0.M15-windows-x64\apache-tomcat-9.0.0.M15\conf\Catalina\localhost\MyHome2.xml
16-Jan-2017 14:21:03.638 정보 [localhost-startStop-1] org.apache.catalina.startup.HostConfig.deployDescriptor Deployment of configuration descriptor D:\minseok\SmartContents\java\apache-tomcat-9.0.0.M15-windows-x64\apache-tomcat-9.0.0.M15\conf\Catalina\localhost\MyHome2.xml has finished in 401 ms
16-Jan-2017 14:21:03.639 정보 [localhost-startStop-1] org.apache.catalina.startup.HostConfig.deployDescriptor Deploying configuration descriptor D:\minseok\SmartContents\java\apache-tomcat-9.0.0.M15-windows-x64\apache-tomcat-9.0.0.M15\conf\Catalina\localhost\MyHome3.xml
16-Jan-2017 14:21:03.676 정보 [localhost-startStop-1] org.apache.catalina.startup.HostConfig.deployDescriptor Deployment of configuration descriptor D:\minseok\SmartContents\java\apache-tomcat-9.0.0.M15-windows-x64\apache-tomcat-9.0.0.M15\conf\Catalina\localhost\MyHome3.xml has finished in 36 ms
16-Jan-2017 14:21:03.679 정보 [localhost-startStop-1] org.apache.catalina.startup.HostConfig.deployDescriptor Deploying configuration descriptor D:\minseok\SmartContents\java\apache-tomcat-9.0.0.M15-windows-x64\apache-tomcat-9.0.0.M15\conf\Catalina\localhost\MyHome4.xml
16-Jan-2017 14:21:03.716 정보 [localhost-startStop-1] org.apache.catalina.startup.HostConfig.deployDescriptor Deployment of configuration descriptor D:\minseok\SmartContents\java\apache-tomcat-9.0.0.M15-windows-x64\apache-tomcat-9.0.0.M15\conf\Catalina\localhost\MyHome4.xml has finished in 37 ms
16-Jan-2017 14:21:03.718 정보 [localhost-startStop-1] org.apache.catalina.startup.HostConfig.deployDirectory Deploying web application directory D:\minseok\SmartContents\java\apache-tomcat-9.0.0.M15-windows-x64\apache-tomcat-9.0.0.M15\webapps\docs
16-Jan-2017 14:21:03.748 정보 [localhost-startStop-1] org.apache.catalina.startup.HostConfig.deployDirectory Deployment of web application directory D:\minseok\SmartContents\java\apache-tomcat-9.0.0.M15-windows-x64\apache-tomcat-9.0.0.M15\webapps\docs has finished in 30 ms
16-Jan-2017 14:21:03.752 정보 [localhost-startStop-1] org.apache.catalina.startup.HostConfig.deployDirectory Deploying web application directory D:\minseok\SmartContents\java\apache-tomcat-9.0.0.M15-windows-x64\apache-tomcat-9.0.0.M15\webapps\examples
16-Jan-2017 14:21:04.120 정보 [localhost-startStop-1] org.apache.catalina.startup.HostConfig.deployDirectory Deployment of web application directory D:\minseok\SmartContents\java\apache-tomcat-9.0.0.M15-windows-x64\apache-tomcat-9.0.0.M15\webapps\examples has finished in 367 ms
16-Jan-2017 14:21:04.122 정보 [localhost-startStop-1] org.apache.catalina.startup.HostConfig.deployDirectory Deploying web application directory D:\minseok\SmartContents\java\apache-tomcat-9.0.0.M15-windows-x64\apache-tomcat-9.0.0.M15\webapps\host-manager
16-Jan-2017 14:21:04.151 정보 [localhost-startStop-1] org.apache.catalina.startup.HostConfig.deployDirectory Deployment of web application directory D:\minseok\SmartContents\java\apache-tomcat-9.0.0.M15-windows-x64\apache-tomcat-9.0.0.M15\webapps\host-manager has finished in 28 ms
16-Jan-2017 14:21:04.152 정보 [localhost-startStop-1] org.apache.catalina.startup.HostConfig.deployDirectory Deploying web application directory D:\minseok\SmartContents\java\apache-tomcat-9.0.0.M15-windows-x64\apache-tomcat-9.0.0.M15\webapps\manager
16-Jan-2017 14:21:04.177 정보 [localhost-startStop-1] org.apache.catalina.startup.HostConfig.deployDirectory Deployment of web application directory D:\minseok\SmartContents\java\apache-tomcat-9.0.0.M15-windows-x64\apache-tomcat-9.0.0.M15\webapps\manager has finished in 25 ms
16-Jan-2017 14:21:04.178 정보 [localhost-startStop-1] org.apache.catalina.startup.HostConfig.deployDirectory Deploying web application directory D:\minseok\SmartContents\java\apache-tomcat-9.0.0.M15-windows-x64\apache-tomcat-9.0.0.M15\webapps\ROOT
16-Jan-2017 14:21:04.208 정보 [localhost-startStop-1] org.apache.catalina.startup.HostConfig.deployDirectory Deployment of web application directory D:\minseok\SmartContents\java\apache-tomcat-9.0.0.M15-windows-x64\apache-tomcat-9.0.0.M15\webapps\ROOT has finished in 27 ms
16-Jan-2017 14:21:04.223 정보 [main] org.apache.coyote.AbstractProtocol.start Starting ProtocolHandler [http-nio-8080]
16-Jan-2017 14:21:04.235 정보 [main] org.apache.coyote.AbstractProtocol.start Starting ProtocolHandler [ajp-nio-8009]
16-Jan-2017 14:21:04.241 정보 [main] org.apache.catalina.startup.Catalina.start Server startup in 1059 ms
16-Jan-2017 14:25:04.290 정보 [localhost-startStop-2] org.apache.catalina.startup.HostConfig.deployDescriptor Deploying configuration descriptor D:\minseok\SmartContents\java\apache-tomcat-9.0.0.M15-windows-x64\apache-tomcat-9.0.0.M15\conf\Catalina\localhost\Woorizip.xml
16-Jan-2017 14:25:04.308 정보 [localhost-startStop-2] org.apache.catalina.startup.HostConfig.deployDescriptor Deployment of configuration descriptor D:\minseok\SmartContents\java\apache-tomcat-9.0.0.M15-windows-x64\apache-tomcat-9.0.0.M15\conf\Catalina\localhost\Woorizip.xml has finished in 18 ms
16-Jan-2017 14:27:04.365 정보 [ContainerBackgroundProcessor[StandardEngine[Catalina]]] org.apache.catalina.startup.HostConfig.undeploy Undeploying context [/Woorizip]
16-Jan-2017 14:27:04.424 정보 [localhost-startStop-3] org.apache.catalina.startup.HostConfig.deployDescriptor Deploying configuration descriptor D:\minseok\SmartContents\java\apache-tomcat-9.0.0.M15-windows-x64\apache-tomcat-9.0.0.M15\conf\Catalina\localhost\Woorizip.xml
16-Jan-2017 14:27:04.620 정보 [localhost-startStop-3] org.apache.catalina.startup.HostConfig.deployDescriptor Deployment of configuration descriptor D:\minseok\SmartContents\java\apache-tomcat-9.0.0.M15-windows-x64\apache-tomcat-9.0.0.M15\conf\Catalina\localhost\Woorizip.xml has finished in 217 ms
