11-Jan-2017 14:32:30.198 정보 [main] org.apache.catalina.startup.VersionLoggerListener.log Server version:        Apache Tomcat/9.0.0.M15
11-Jan-2017 14:32:30.198 정보 [main] org.apache.catalina.startup.VersionLoggerListener.log Server built:          Dec 5 2016 13:44:25 UTC
11-Jan-2017 14:32:30.198 정보 [main] org.apache.catalina.startup.VersionLoggerListener.log Server number:         9.0.0.0
11-Jan-2017 14:32:30.198 정보 [main] org.apache.catalina.startup.VersionLoggerListener.log OS Name:               Windows 7
11-Jan-2017 14:32:30.198 정보 [main] org.apache.catalina.startup.VersionLoggerListener.log OS Version:            6.1
11-Jan-2017 14:32:30.198 정보 [main] org.apache.catalina.startup.VersionLoggerListener.log Architecture:          amd64
11-Jan-2017 14:32:30.198 정보 [main] org.apache.catalina.startup.VersionLoggerListener.log Java Home:             C:\Program Files\Java\jdk1.8.0_111\jre
11-Jan-2017 14:32:30.198 정보 [main] org.apache.catalina.startup.VersionLoggerListener.log JVM Version:           1.8.0_111-b14
11-Jan-2017 14:32:30.198 정보 [main] org.apache.catalina.startup.VersionLoggerListener.log JVM Vendor:            Oracle Corporation
11-Jan-2017 14:32:30.198 정보 [main] org.apache.catalina.startup.VersionLoggerListener.log CATALINA_BASE:         C:\Users\hi\Desktop\apache-tomcat-9.0.0.M15-windows-x64\apache-tomcat-9.0.0.M15
11-Jan-2017 14:32:30.214 정보 [main] org.apache.catalina.startup.VersionLoggerListener.log CATALINA_HOME:         C:\Users\hi\Desktop\apache-tomcat-9.0.0.M15-windows-x64\apache-tomcat-9.0.0.M15
11-Jan-2017 14:32:30.214 정보 [main] org.apache.catalina.startup.VersionLoggerListener.log Command line argument: -Djava.util.logging.config.file=C:\Users\hi\Desktop\apache-tomcat-9.0.0.M15-windows-x64\apache-tomcat-9.0.0.M15\conf\logging.properties
11-Jan-2017 14:32:30.214 정보 [main] org.apache.catalina.startup.VersionLoggerListener.log Command line argument: -Djava.util.logging.manager=org.apache.juli.ClassLoaderLogManager
11-Jan-2017 14:32:30.214 정보 [main] org.apache.catalina.startup.VersionLoggerListener.log Command line argument: -Djdk.tls.ephemeralDHKeySize=2048
11-Jan-2017 14:32:30.214 정보 [main] org.apache.catalina.startup.VersionLoggerListener.log Command line argument: -Djava.protocol.handler.pkgs=org.apache.catalina.webresources
11-Jan-2017 14:32:30.214 정보 [main] org.apache.catalina.startup.VersionLoggerListener.log Command line argument: -Dcatalina.base=C:\Users\hi\Desktop\apache-tomcat-9.0.0.M15-windows-x64\apache-tomcat-9.0.0.M15
11-Jan-2017 14:32:30.214 정보 [main] org.apache.catalina.startup.VersionLoggerListener.log Command line argument: -Dcatalina.home=C:\Users\hi\Desktop\apache-tomcat-9.0.0.M15-windows-x64\apache-tomcat-9.0.0.M15
11-Jan-2017 14:32:30.214 정보 [main] org.apache.catalina.startup.VersionLoggerListener.log Command line argument: -Djava.io.tmpdir=C:\Users\hi\Desktop\apache-tomcat-9.0.0.M15-windows-x64\apache-tomcat-9.0.0.M15\temp
11-Jan-2017 14:32:30.214 정보 [main] org.apache.catalina.core.AprLifecycleListener.lifecycleEvent Loaded APR based Apache Tomcat Native library 1.2.10 using APR version 1.5.2.
11-Jan-2017 14:32:30.214 정보 [main] org.apache.catalina.core.AprLifecycleListener.lifecycleEvent APR capabilities: IPv6 [true], sendfile [true], accept filters [false], random [true].
11-Jan-2017 14:32:30.214 정보 [main] org.apache.catalina.core.AprLifecycleListener.lifecycleEvent APR/OpenSSL configuration: useAprConnector [false], useOpenSSL [true]
11-Jan-2017 14:32:30.666 정보 [main] org.apache.catalina.core.AprLifecycleListener.initializeSSL OpenSSL successfully initialized (OpenSSL 1.0.2j  26 Sep 2016)
11-Jan-2017 14:32:30.838 정보 [main] org.apache.coyote.AbstractProtocol.init Initializing ProtocolHandler ["http-nio-8080"]
11-Jan-2017 14:32:30.854 심각 [main] org.apache.catalina.util.LifecycleBase.handleSubClassException Failed to initialize component [Connector[HTTP/1.1-8080]]
 org.apache.catalina.LifecycleException: Protocol handler initialization failed
	at org.apache.catalina.connector.Connector.initInternal(Connector.java:944)
	at org.apache.catalina.util.LifecycleBase.init(LifecycleBase.java:136)
	at org.apache.catalina.core.StandardService.initInternal(StandardService.java:530)
	at org.apache.catalina.util.LifecycleBase.init(LifecycleBase.java:136)
	at org.apache.catalina.core.StandardServer.initInternal(StandardServer.java:875)
	at org.apache.catalina.util.LifecycleBase.init(LifecycleBase.java:136)
	at org.apache.catalina.startup.Catalina.load(Catalina.java:606)
	at org.apache.catalina.startup.Catalina.load(Catalina.java:629)
	at sun.reflect.NativeMethodAccessorImpl.invoke0(Native Method)
	at sun.reflect.NativeMethodAccessorImpl.invoke(NativeMethodAccessorImpl.java:62)
	at sun.reflect.DelegatingMethodAccessorImpl.invoke(DelegatingMethodAccessorImpl.java:43)
	at java.lang.reflect.Method.invoke(Method.java:498)
	at org.apache.catalina.startup.Bootstrap.load(Bootstrap.java:311)
	at org.apache.catalina.startup.Bootstrap.main(Bootstrap.java:494)
Caused by: java.net.BindException: Address already in use: bind
	at sun.nio.ch.Net.bind0(Native Method)
	at sun.nio.ch.Net.bind(Net.java:433)
	at sun.nio.ch.Net.bind(Net.java:425)
	at sun.nio.ch.ServerSocketChannelImpl.bind(ServerSocketChannelImpl.java:223)
	at sun.nio.ch.ServerSocketAdaptor.bind(ServerSocketAdaptor.java:74)
	at org.apache.tomcat.util.net.NioEndpoint.bind(NioEndpoint.java:210)
	at org.apache.tomcat.util.net.AbstractEndpoint.init(AbstractEndpoint.java:941)
	at org.apache.coyote.AbstractProtocol.init(AbstractProtocol.java:542)
	at org.apache.coyote.http11.AbstractHttp11Protocol.init(AbstractHttp11Protocol.java:68)
	at org.apache.catalina.connector.Connector.initInternal(Connector.java:941)
	... 13 more

11-Jan-2017 14:32:30.854 정보 [main] org.apache.coyote.AbstractProtocol.init Initializing ProtocolHandler ["ajp-nio-8009"]
11-Jan-2017 14:32:30.854 심각 [main] org.apache.catalina.util.LifecycleBase.handleSubClassException Failed to initialize component [Connector[AJP/1.3-8009]]
 org.apache.catalina.LifecycleException: Protocol handler initialization failed
	at org.apache.catalina.connector.Connector.initInternal(Connector.java:944)
	at org.apache.catalina.util.LifecycleBase.init(LifecycleBase.java:136)
	at org.apache.catalina.core.StandardService.initInternal(StandardService.java:530)
	at org.apache.catalina.util.LifecycleBase.init(LifecycleBase.java:136)
	at org.apache.catalina.core.StandardServer.initInternal(StandardServer.java:875)
	at org.apache.catalina.util.LifecycleBase.init(LifecycleBase.java:136)
	at org.apache.catalina.startup.Catalina.load(Catalina.java:606)
	at org.apache.catalina.startup.Catalina.load(Catalina.java:629)
	at sun.reflect.NativeMethodAccessorImpl.invoke0(Native Method)
	at sun.reflect.NativeMethodAccessorImpl.invoke(NativeMethodAccessorImpl.java:62)
	at sun.reflect.DelegatingMethodAccessorImpl.invoke(DelegatingMethodAccessorImpl.java:43)
	at java.lang.reflect.Method.invoke(Method.java:498)
	at org.apache.catalina.startup.Bootstrap.load(Bootstrap.java:311)
	at org.apache.catalina.startup.Bootstrap.main(Bootstrap.java:494)
Caused by: java.net.BindException: Address already in use: bind
	at sun.nio.ch.Net.bind0(Native Method)
	at sun.nio.ch.Net.bind(Net.java:433)
	at sun.nio.ch.Net.bind(Net.java:425)
	at sun.nio.ch.ServerSocketChannelImpl.bind(ServerSocketChannelImpl.java:223)
	at sun.nio.ch.ServerSocketAdaptor.bind(ServerSocketAdaptor.java:74)
	at org.apache.tomcat.util.net.NioEndpoint.bind(NioEndpoint.java:210)
	at org.apache.tomcat.util.net.AbstractEndpoint.init(AbstractEndpoint.java:941)
	at org.apache.coyote.AbstractProtocol.init(AbstractProtocol.java:542)
	at org.apache.catalina.connector.Connector.initInternal(Connector.java:941)
	... 13 more

11-Jan-2017 14:32:30.854 정보 [main] org.apache.catalina.startup.Catalina.load Initialization processed in 1026 ms
11-Jan-2017 14:32:30.885 정보 [main] org.apache.catalina.core.StandardService.startInternal Starting service Catalina
11-Jan-2017 14:32:30.885 정보 [main] org.apache.catalina.core.StandardEngine.startInternal Starting Servlet Engine: Apache Tomcat/9.0.0.M15
11-Jan-2017 14:32:30.900 정보 [localhost-startStop-1] org.apache.catalina.startup.HostConfig.deployDescriptor Deploying configuration descriptor C:\Users\hi\Desktop\apache-tomcat-9.0.0.M15-windows-x64\apache-tomcat-9.0.0.M15\conf\Catalina\localhost\MyHome1.xml
11-Jan-2017 14:32:31.228 정보 [localhost-startStop-1] org.apache.catalina.startup.HostConfig.deployDescriptor Deployment of configuration descriptor C:\Users\hi\Desktop\apache-tomcat-9.0.0.M15-windows-x64\apache-tomcat-9.0.0.M15\conf\Catalina\localhost\MyHome1.xml has finished in 328 ms
11-Jan-2017 14:32:31.228 정보 [localhost-startStop-1] org.apache.catalina.startup.HostConfig.deployDescriptor Deploying configuration descriptor C:\Users\hi\Desktop\apache-tomcat-9.0.0.M15-windows-x64\apache-tomcat-9.0.0.M15\conf\Catalina\localhost\MyHome2.xml
11-Jan-2017 14:32:31.228 심각 [localhost-startStop-1] org.apache.catalina.core.ContainerBase.addChildInternal ContainerBase.addChild: start: 
 org.apache.catalina.LifecycleException: Failed to start component [org.apache.catalina.webresources.StandardRoot@3860fba5]
	at org.apache.catalina.util.LifecycleBase.handleSubClassException(LifecycleBase.java:441)
	at org.apache.catalina.util.LifecycleBase.start(LifecycleBase.java:198)
	at org.apache.catalina.core.StandardContext.resourcesStart(StandardContext.java:4832)
	at org.apache.catalina.core.StandardContext.startInternal(StandardContext.java:4964)
	at org.apache.catalina.util.LifecycleBase.start(LifecycleBase.java:183)
	at org.apache.catalina.core.ContainerBase.addChildInternal(ContainerBase.java:752)
	at org.apache.catalina.core.ContainerBase.addChild(ContainerBase.java:728)
	at org.apache.catalina.core.StandardHost.addChild(StandardHost.java:734)
	at org.apache.catalina.startup.HostConfig.deployDescriptor(HostConfig.java:596)
	at org.apache.catalina.startup.HostConfig$DeployDescriptor.run(HostConfig.java:1805)
	at java.util.concurrent.Executors$RunnableAdapter.call(Executors.java:511)
	at java.util.concurrent.FutureTask.run(FutureTask.java:266)
	at java.util.concurrent.ThreadPoolExecutor.runWorker(ThreadPoolExecutor.java:1142)
	at java.util.concurrent.ThreadPoolExecutor$Worker.run(ThreadPoolExecutor.java:617)
	at java.lang.Thread.run(Thread.java:745)
Caused by: java.lang.IllegalArgumentException: The main resource set specified [D:\minseok\SmartContents\java\workspace_2017011\MyHome2] is not valid
	at org.apache.catalina.webresources.StandardRoot.createMainResourceSet(StandardRoot.java:733)
	at org.apache.catalina.webresources.StandardRoot.startInternal(StandardRoot.java:690)
	at org.apache.catalina.util.LifecycleBase.start(LifecycleBase.java:183)
	... 13 more

11-Jan-2017 14:32:31.244 심각 [localhost-startStop-1] org.apache.catalina.startup.HostConfig.deployDescriptor Error deploying configuration descriptor C:\Users\hi\Desktop\apache-tomcat-9.0.0.M15-windows-x64\apache-tomcat-9.0.0.M15\conf\Catalina\localhost\MyHome2.xml
 java.lang.IllegalStateException: ContainerBase.addChild: start: org.apache.catalina.LifecycleException: Failed to start component [org.apache.catalina.webresources.StandardRoot@3860fba5]
	at org.apache.catalina.core.ContainerBase.addChildInternal(ContainerBase.java:756)
	at org.apache.catalina.core.ContainerBase.addChild(ContainerBase.java:728)
	at org.apache.catalina.core.StandardHost.addChild(StandardHost.java:734)
	at org.apache.catalina.startup.HostConfig.deployDescriptor(HostConfig.java:596)
	at org.apache.catalina.startup.HostConfig$DeployDescriptor.run(HostConfig.java:1805)
	at java.util.concurrent.Executors$RunnableAdapter.call(Executors.java:511)
	at java.util.concurrent.FutureTask.run(FutureTask.java:266)
	at java.util.concurrent.ThreadPoolExecutor.runWorker(ThreadPoolExecutor.java:1142)
	at java.util.concurrent.ThreadPoolExecutor$Worker.run(ThreadPoolExecutor.java:617)
	at java.lang.Thread.run(Thread.java:745)

11-Jan-2017 14:32:31.244 정보 [localhost-startStop-1] org.apache.catalina.startup.HostConfig.deployDescriptor Deployment of configuration descriptor C:\Users\hi\Desktop\apache-tomcat-9.0.0.M15-windows-x64\apache-tomcat-9.0.0.M15\conf\Catalina\localhost\MyHome2.xml has finished in 16 ms
11-Jan-2017 14:32:31.244 정보 [localhost-startStop-1] org.apache.catalina.startup.HostConfig.deployDirectory Deploying web application directory C:\Users\hi\Desktop\apache-tomcat-9.0.0.M15-windows-x64\apache-tomcat-9.0.0.M15\webapps\docs
11-Jan-2017 14:32:31.259 정보 [localhost-startStop-1] org.apache.catalina.startup.HostConfig.deployDirectory Deployment of web application directory C:\Users\hi\Desktop\apache-tomcat-9.0.0.M15-windows-x64\apache-tomcat-9.0.0.M15\webapps\docs has finished in 15 ms
11-Jan-2017 14:32:31.259 정보 [localhost-startStop-1] org.apache.catalina.startup.HostConfig.deployDirectory Deploying web application directory C:\Users\hi\Desktop\apache-tomcat-9.0.0.M15-windows-x64\apache-tomcat-9.0.0.M15\webapps\examples
11-Jan-2017 14:32:31.509 정보 [localhost-startStop-1] org.apache.catalina.startup.HostConfig.deployDirectory Deployment of web application directory C:\Users\hi\Desktop\apache-tomcat-9.0.0.M15-windows-x64\apache-tomcat-9.0.0.M15\webapps\examples has finished in 250 ms
11-Jan-2017 14:32:31.509 정보 [localhost-startStop-1] org.apache.catalina.startup.HostConfig.deployDirectory Deploying web application directory C:\Users\hi\Desktop\apache-tomcat-9.0.0.M15-windows-x64\apache-tomcat-9.0.0.M15\webapps\host-manager
11-Jan-2017 14:32:31.540 정보 [localhost-startStop-1] org.apache.catalina.startup.HostConfig.deployDirectory Deployment of web application directory C:\Users\hi\Desktop\apache-tomcat-9.0.0.M15-windows-x64\apache-tomcat-9.0.0.M15\webapps\host-manager has finished in 31 ms
11-Jan-2017 14:32:31.540 정보 [localhost-startStop-1] org.apache.catalina.startup.HostConfig.deployDirectory Deploying web application directory C:\Users\hi\Desktop\apache-tomcat-9.0.0.M15-windows-x64\apache-tomcat-9.0.0.M15\webapps\manager
11-Jan-2017 14:32:31.571 정보 [localhost-startStop-1] org.apache.catalina.startup.HostConfig.deployDirectory Deployment of web application directory C:\Users\hi\Desktop\apache-tomcat-9.0.0.M15-windows-x64\apache-tomcat-9.0.0.M15\webapps\manager has finished in 31 ms
11-Jan-2017 14:32:31.571 정보 [localhost-startStop-1] org.apache.catalina.startup.HostConfig.deployDirectory Deploying web application directory C:\Users\hi\Desktop\apache-tomcat-9.0.0.M15-windows-x64\apache-tomcat-9.0.0.M15\webapps\ROOT
11-Jan-2017 14:32:31.587 정보 [localhost-startStop-1] org.apache.catalina.startup.HostConfig.deployDirectory Deployment of web application directory C:\Users\hi\Desktop\apache-tomcat-9.0.0.M15-windows-x64\apache-tomcat-9.0.0.M15\webapps\ROOT has finished in 16 ms
11-Jan-2017 14:32:31.587 정보 [main] org.apache.catalina.startup.Catalina.start Server startup in 732 ms
11-Jan-2017 14:32:31.587 심각 [main] org.apache.catalina.core.StandardServer.await StandardServer.await: create[localhost:8005]: 
 java.net.BindException: Address already in use: JVM_Bind
	at java.net.DualStackPlainSocketImpl.bind0(Native Method)
	at java.net.DualStackPlainSocketImpl.socketBind(DualStackPlainSocketImpl.java:106)
	at java.net.AbstractPlainSocketImpl.bind(AbstractPlainSocketImpl.java:387)
	at java.net.PlainSocketImpl.bind(PlainSocketImpl.java:190)
	at java.net.ServerSocket.bind(ServerSocket.java:375)
	at java.net.ServerSocket.<init>(ServerSocket.java:237)
	at org.apache.catalina.core.StandardServer.await(StandardServer.java:441)
	at org.apache.catalina.startup.Catalina.await(Catalina.java:743)
	at org.apache.catalina.startup.Catalina.start(Catalina.java:689)
	at sun.reflect.NativeMethodAccessorImpl.invoke0(Native Method)
	at sun.reflect.NativeMethodAccessorImpl.invoke(NativeMethodAccessorImpl.java:62)
	at sun.reflect.DelegatingMethodAccessorImpl.invoke(DelegatingMethodAccessorImpl.java:43)
	at java.lang.reflect.Method.invoke(Method.java:498)
	at org.apache.catalina.startup.Bootstrap.start(Bootstrap.java:355)
	at org.apache.catalina.startup.Bootstrap.main(Bootstrap.java:495)

11-Jan-2017 14:32:31.602 정보 [main] org.apache.coyote.AbstractProtocol.pause Pausing ProtocolHandler ["http-nio-8080"]
11-Jan-2017 14:32:31.602 정보 [main] org.apache.coyote.AbstractProtocol.pause Pausing ProtocolHandler ["ajp-nio-8009"]
11-Jan-2017 14:32:31.602 정보 [main] org.apache.catalina.core.StandardService.stopInternal Stopping service Catalina
11-Jan-2017 14:32:31.618 정보 [main] org.apache.coyote.AbstractProtocol.stop Stopping ProtocolHandler ["http-nio-8080"]
11-Jan-2017 14:32:31.618 정보 [main] org.apache.coyote.AbstractProtocol.destroy Destroying ProtocolHandler ["http-nio-8080"]
11-Jan-2017 14:32:31.618 정보 [main] org.apache.coyote.AbstractProtocol.stop Stopping ProtocolHandler ["ajp-nio-8009"]
11-Jan-2017 14:32:31.634 정보 [main] org.apache.coyote.AbstractProtocol.destroy Destroying ProtocolHandler ["ajp-nio-8009"]
11-Jan-2017 14:32:37.280 정보 [main] org.apache.catalina.startup.VersionLoggerListener.log Server version:        Apache Tomcat/9.0.0.M15
11-Jan-2017 14:32:37.280 정보 [main] org.apache.catalina.startup.VersionLoggerListener.log Server built:          Dec 5 2016 13:44:25 UTC
11-Jan-2017 14:32:37.280 정보 [main] org.apache.catalina.startup.VersionLoggerListener.log Server number:         9.0.0.0
11-Jan-2017 14:32:37.280 정보 [main] org.apache.catalina.startup.VersionLoggerListener.log OS Name:               Windows 7
11-Jan-2017 14:32:37.280 정보 [main] org.apache.catalina.startup.VersionLoggerListener.log OS Version:            6.1
11-Jan-2017 14:32:37.280 정보 [main] org.apache.catalina.startup.VersionLoggerListener.log Architecture:          amd64
11-Jan-2017 14:32:37.280 정보 [main] org.apache.catalina.startup.VersionLoggerListener.log Java Home:             C:\Program Files\Java\jdk1.8.0_111\jre
11-Jan-2017 14:32:37.280 정보 [main] org.apache.catalina.startup.VersionLoggerListener.log JVM Version:           1.8.0_111-b14
11-Jan-2017 14:32:37.280 정보 [main] org.apache.catalina.startup.VersionLoggerListener.log JVM Vendor:            Oracle Corporation
11-Jan-2017 14:32:37.280 정보 [main] org.apache.catalina.startup.VersionLoggerListener.log CATALINA_BASE:         C:\Users\hi\Desktop\apache-tomcat-9.0.0.M15-windows-x64\apache-tomcat-9.0.0.M15
11-Jan-2017 14:32:37.296 정보 [main] org.apache.catalina.startup.VersionLoggerListener.log CATALINA_HOME:         C:\Users\hi\Desktop\apache-tomcat-9.0.0.M15-windows-x64\apache-tomcat-9.0.0.M15
11-Jan-2017 14:32:37.296 정보 [main] org.apache.catalina.startup.VersionLoggerListener.log Command line argument: -Djava.util.logging.config.file=C:\Users\hi\Desktop\apache-tomcat-9.0.0.M15-windows-x64\apache-tomcat-9.0.0.M15\conf\logging.properties
11-Jan-2017 14:32:37.296 정보 [main] org.apache.catalina.startup.VersionLoggerListener.log Command line argument: -Djava.util.logging.manager=org.apache.juli.ClassLoaderLogManager
11-Jan-2017 14:32:37.296 정보 [main] org.apache.catalina.startup.VersionLoggerListener.log Command line argument: -Djdk.tls.ephemeralDHKeySize=2048
11-Jan-2017 14:32:37.296 정보 [main] org.apache.catalina.startup.VersionLoggerListener.log Command line argument: -Djava.protocol.handler.pkgs=org.apache.catalina.webresources
11-Jan-2017 14:32:37.296 정보 [main] org.apache.catalina.startup.VersionLoggerListener.log Command line argument: -Dcatalina.base=C:\Users\hi\Desktop\apache-tomcat-9.0.0.M15-windows-x64\apache-tomcat-9.0.0.M15
11-Jan-2017 14:32:37.296 정보 [main] org.apache.catalina.startup.VersionLoggerListener.log Command line argument: -Dcatalina.home=C:\Users\hi\Desktop\apache-tomcat-9.0.0.M15-windows-x64\apache-tomcat-9.0.0.M15
11-Jan-2017 14:32:37.296 정보 [main] org.apache.catalina.startup.VersionLoggerListener.log Command line argument: -Djava.io.tmpdir=C:\Users\hi\Desktop\apache-tomcat-9.0.0.M15-windows-x64\apache-tomcat-9.0.0.M15\temp
11-Jan-2017 14:32:37.296 정보 [main] org.apache.catalina.core.AprLifecycleListener.lifecycleEvent Loaded APR based Apache Tomcat Native library 1.2.10 using APR version 1.5.2.
11-Jan-2017 14:32:37.296 정보 [main] org.apache.catalina.core.AprLifecycleListener.lifecycleEvent APR capabilities: IPv6 [true], sendfile [true], accept filters [false], random [true].
11-Jan-2017 14:32:37.296 정보 [main] org.apache.catalina.core.AprLifecycleListener.lifecycleEvent APR/OpenSSL configuration: useAprConnector [false], useOpenSSL [true]
11-Jan-2017 14:32:37.779 정보 [main] org.apache.catalina.core.AprLifecycleListener.initializeSSL OpenSSL successfully initialized (OpenSSL 1.0.2j  26 Sep 2016)
11-Jan-2017 14:32:37.889 정보 [main] org.apache.coyote.AbstractProtocol.init Initializing ProtocolHandler ["http-nio-8080"]
11-Jan-2017 14:32:37.889 심각 [main] org.apache.catalina.util.LifecycleBase.handleSubClassException Failed to initialize component [Connector[HTTP/1.1-8080]]
 org.apache.catalina.LifecycleException: Protocol handler initialization failed
	at org.apache.catalina.connector.Connector.initInternal(Connector.java:944)
	at org.apache.catalina.util.LifecycleBase.init(LifecycleBase.java:136)
	at org.apache.catalina.core.StandardService.initInternal(StandardService.java:530)
	at org.apache.catalina.util.LifecycleBase.init(LifecycleBase.java:136)
	at org.apache.catalina.core.StandardServer.initInternal(StandardServer.java:875)
	at org.apache.catalina.util.LifecycleBase.init(LifecycleBase.java:136)
	at org.apache.catalina.startup.Catalina.load(Catalina.java:606)
	at org.apache.catalina.startup.Catalina.load(Catalina.java:629)
	at sun.reflect.NativeMethodAccessorImpl.invoke0(Native Method)
	at sun.reflect.NativeMethodAccessorImpl.invoke(NativeMethodAccessorImpl.java:62)
	at sun.reflect.DelegatingMethodAccessorImpl.invoke(DelegatingMethodAccessorImpl.java:43)
	at java.lang.reflect.Method.invoke(Method.java:498)
	at org.apache.catalina.startup.Bootstrap.load(Bootstrap.java:311)
	at org.apache.catalina.startup.Bootstrap.main(Bootstrap.java:494)
Caused by: java.net.BindException: Address already in use: bind
	at sun.nio.ch.Net.bind0(Native Method)
	at sun.nio.ch.Net.bind(Net.java:433)
	at sun.nio.ch.Net.bind(Net.java:425)
	at sun.nio.ch.ServerSocketChannelImpl.bind(ServerSocketChannelImpl.java:223)
	at sun.nio.ch.ServerSocketAdaptor.bind(ServerSocketAdaptor.java:74)
	at org.apache.tomcat.util.net.NioEndpoint.bind(NioEndpoint.java:210)
	at org.apache.tomcat.util.net.AbstractEndpoint.init(AbstractEndpoint.java:941)
	at org.apache.coyote.AbstractProtocol.init(AbstractProtocol.java:542)
	at org.apache.coyote.http11.AbstractHttp11Protocol.init(AbstractHttp11Protocol.java:68)
	at org.apache.catalina.connector.Connector.initInternal(Connector.java:941)
	... 13 more

11-Jan-2017 14:32:37.904 정보 [main] org.apache.coyote.AbstractProtocol.init Initializing ProtocolHandler ["ajp-nio-8009"]
11-Jan-2017 14:32:37.904 심각 [main] org.apache.catalina.util.LifecycleBase.handleSubClassException Failed to initialize component [Connector[AJP/1.3-8009]]
 org.apache.catalina.LifecycleException: Protocol handler initialization failed
	at org.apache.catalina.connector.Connector.initInternal(Connector.java:944)
	at org.apache.catalina.util.LifecycleBase.init(LifecycleBase.java:136)
	at org.apache.catalina.core.StandardService.initInternal(StandardService.java:530)
	at org.apache.catalina.util.LifecycleBase.init(LifecycleBase.java:136)
	at org.apache.catalina.core.StandardServer.initInternal(StandardServer.java:875)
	at org.apache.catalina.util.LifecycleBase.init(LifecycleBase.java:136)
	at org.apache.catalina.startup.Catalina.load(Catalina.java:606)
	at org.apache.catalina.startup.Catalina.load(Catalina.java:629)
	at sun.reflect.NativeMethodAccessorImpl.invoke0(Native Method)
	at sun.reflect.NativeMethodAccessorImpl.invoke(NativeMethodAccessorImpl.java:62)
	at sun.reflect.DelegatingMethodAccessorImpl.invoke(DelegatingMethodAccessorImpl.java:43)
	at java.lang.reflect.Method.invoke(Method.java:498)
	at org.apache.catalina.startup.Bootstrap.load(Bootstrap.java:311)
	at org.apache.catalina.startup.Bootstrap.main(Bootstrap.java:494)
Caused by: java.net.BindException: Address already in use: bind
	at sun.nio.ch.Net.bind0(Native Method)
	at sun.nio.ch.Net.bind(Net.java:433)
	at sun.nio.ch.Net.bind(Net.java:425)
	at sun.nio.ch.ServerSocketChannelImpl.bind(ServerSocketChannelImpl.java:223)
	at sun.nio.ch.ServerSocketAdaptor.bind(ServerSocketAdaptor.java:74)
	at org.apache.tomcat.util.net.NioEndpoint.bind(NioEndpoint.java:210)
	at org.apache.tomcat.util.net.AbstractEndpoint.init(AbstractEndpoint.java:941)
	at org.apache.coyote.AbstractProtocol.init(AbstractProtocol.java:542)
	at org.apache.catalina.connector.Connector.initInternal(Connector.java:941)
	... 13 more

11-Jan-2017 14:32:37.904 정보 [main] org.apache.catalina.startup.Catalina.load Initialization processed in 969 ms
11-Jan-2017 14:32:37.935 정보 [main] org.apache.catalina.core.StandardService.startInternal Starting service Catalina
11-Jan-2017 14:32:37.935 정보 [main] org.apache.catalina.core.StandardEngine.startInternal Starting Servlet Engine: Apache Tomcat/9.0.0.M15
11-Jan-2017 14:32:37.951 정보 [localhost-startStop-1] org.apache.catalina.startup.HostConfig.deployDescriptor Deploying configuration descriptor C:\Users\hi\Desktop\apache-tomcat-9.0.0.M15-windows-x64\apache-tomcat-9.0.0.M15\conf\Catalina\localhost\MyHome1.xml
11-Jan-2017 14:32:38.247 정보 [localhost-startStop-1] org.apache.catalina.startup.HostConfig.deployDescriptor Deployment of configuration descriptor C:\Users\hi\Desktop\apache-tomcat-9.0.0.M15-windows-x64\apache-tomcat-9.0.0.M15\conf\Catalina\localhost\MyHome1.xml has finished in 296 ms
11-Jan-2017 14:32:38.247 정보 [localhost-startStop-1] org.apache.catalina.startup.HostConfig.deployDescriptor Deploying configuration descriptor C:\Users\hi\Desktop\apache-tomcat-9.0.0.M15-windows-x64\apache-tomcat-9.0.0.M15\conf\Catalina\localhost\MyHome2.xml
11-Jan-2017 14:32:38.263 심각 [localhost-startStop-1] org.apache.catalina.core.ContainerBase.addChildInternal ContainerBase.addChild: start: 
 org.apache.catalina.LifecycleException: Failed to start component [org.apache.catalina.webresources.StandardRoot@2ff741ed]
	at org.apache.catalina.util.LifecycleBase.handleSubClassException(LifecycleBase.java:441)
	at org.apache.catalina.util.LifecycleBase.start(LifecycleBase.java:198)
	at org.apache.catalina.core.StandardContext.resourcesStart(StandardContext.java:4832)
	at org.apache.catalina.core.StandardContext.startInternal(StandardContext.java:4964)
	at org.apache.catalina.util.LifecycleBase.start(LifecycleBase.java:183)
	at org.apache.catalina.core.ContainerBase.addChildInternal(ContainerBase.java:752)
	at org.apache.catalina.core.ContainerBase.addChild(ContainerBase.java:728)
	at org.apache.catalina.core.StandardHost.addChild(StandardHost.java:734)
	at org.apache.catalina.startup.HostConfig.deployDescriptor(HostConfig.java:596)
	at org.apache.catalina.startup.HostConfig$DeployDescriptor.run(HostConfig.java:1805)
	at java.util.concurrent.Executors$RunnableAdapter.call(Executors.java:511)
	at java.util.concurrent.FutureTask.run(FutureTask.java:266)
	at java.util.concurrent.ThreadPoolExecutor.runWorker(ThreadPoolExecutor.java:1142)
	at java.util.concurrent.ThreadPoolExecutor$Worker.run(ThreadPoolExecutor.java:617)
	at java.lang.Thread.run(Thread.java:745)
Caused by: java.lang.IllegalArgumentException: The main resource set specified [D:\minseok\SmartContents\java\workspace_2017011\MyHome2] is not valid
	at org.apache.catalina.webresources.StandardRoot.createMainResourceSet(StandardRoot.java:733)
	at org.apache.catalina.webresources.StandardRoot.startInternal(StandardRoot.java:690)
	at org.apache.catalina.util.LifecycleBase.start(LifecycleBase.java:183)
	... 13 more

11-Jan-2017 14:32:38.263 심각 [localhost-startStop-1] org.apache.catalina.startup.HostConfig.deployDescriptor Error deploying configuration descriptor C:\Users\hi\Desktop\apache-tomcat-9.0.0.M15-windows-x64\apache-tomcat-9.0.0.M15\conf\Catalina\localhost\MyHome2.xml
 java.lang.IllegalStateException: ContainerBase.addChild: start: org.apache.catalina.LifecycleException: Failed to start component [org.apache.catalina.webresources.StandardRoot@2ff741ed]
	at org.apache.catalina.core.ContainerBase.addChildInternal(ContainerBase.java:756)
	at org.apache.catalina.core.ContainerBase.addChild(ContainerBase.java:728)
	at org.apache.catalina.core.StandardHost.addChild(StandardHost.java:734)
	at org.apache.catalina.startup.HostConfig.deployDescriptor(HostConfig.java:596)
	at org.apache.catalina.startup.HostConfig$DeployDescriptor.run(HostConfig.java:1805)
	at java.util.concurrent.Executors$RunnableAdapter.call(Executors.java:511)
	at java.util.concurrent.FutureTask.run(FutureTask.java:266)
	at java.util.concurrent.ThreadPoolExecutor.runWorker(ThreadPoolExecutor.java:1142)
	at java.util.concurrent.ThreadPoolExecutor$Worker.run(ThreadPoolExecutor.java:617)
	at java.lang.Thread.run(Thread.java:745)

11-Jan-2017 14:32:38.263 정보 [localhost-startStop-1] org.apache.catalina.startup.HostConfig.deployDescriptor Deployment of configuration descriptor C:\Users\hi\Desktop\apache-tomcat-9.0.0.M15-windows-x64\apache-tomcat-9.0.0.M15\conf\Catalina\localhost\MyHome2.xml has finished in 16 ms
11-Jan-2017 14:32:38.263 정보 [localhost-startStop-1] org.apache.catalina.startup.HostConfig.deployDirectory Deploying web application directory C:\Users\hi\Desktop\apache-tomcat-9.0.0.M15-windows-x64\apache-tomcat-9.0.0.M15\webapps\docs
11-Jan-2017 14:32:38.279 정보 [localhost-startStop-1] org.apache.catalina.startup.HostConfig.deployDirectory Deployment of web application directory C:\Users\hi\Desktop\apache-tomcat-9.0.0.M15-windows-x64\apache-tomcat-9.0.0.M15\webapps\docs has finished in 16 ms
11-Jan-2017 14:32:38.279 정보 [localhost-startStop-1] org.apache.catalina.startup.HostConfig.deployDirectory Deploying web application directory C:\Users\hi\Desktop\apache-tomcat-9.0.0.M15-windows-x64\apache-tomcat-9.0.0.M15\webapps\examples
11-Jan-2017 14:32:38.528 정보 [localhost-startStop-1] org.apache.catalina.startup.HostConfig.deployDirectory Deployment of web application directory C:\Users\hi\Desktop\apache-tomcat-9.0.0.M15-windows-x64\apache-tomcat-9.0.0.M15\webapps\examples has finished in 249 ms
11-Jan-2017 14:32:38.528 정보 [localhost-startStop-1] org.apache.catalina.startup.HostConfig.deployDirectory Deploying web application directory C:\Users\hi\Desktop\apache-tomcat-9.0.0.M15-windows-x64\apache-tomcat-9.0.0.M15\webapps\host-manager
11-Jan-2017 14:32:38.559 정보 [localhost-startStop-1] org.apache.catalina.startup.HostConfig.deployDirectory Deployment of web application directory C:\Users\hi\Desktop\apache-tomcat-9.0.0.M15-windows-x64\apache-tomcat-9.0.0.M15\webapps\host-manager has finished in 31 ms
11-Jan-2017 14:32:38.559 정보 [localhost-startStop-1] org.apache.catalina.startup.HostConfig.deployDirectory Deploying web application directory C:\Users\hi\Desktop\apache-tomcat-9.0.0.M15-windows-x64\apache-tomcat-9.0.0.M15\webapps\manager
11-Jan-2017 14:32:38.575 정보 [localhost-startStop-1] org.apache.catalina.startup.HostConfig.deployDirectory Deployment of web application directory C:\Users\hi\Desktop\apache-tomcat-9.0.0.M15-windows-x64\apache-tomcat-9.0.0.M15\webapps\manager has finished in 16 ms
11-Jan-2017 14:32:38.575 정보 [localhost-startStop-1] org.apache.catalina.startup.HostConfig.deployDirectory Deploying web application directory C:\Users\hi\Desktop\apache-tomcat-9.0.0.M15-windows-x64\apache-tomcat-9.0.0.M15\webapps\ROOT
11-Jan-2017 14:32:38.591 정보 [localhost-startStop-1] org.apache.catalina.startup.HostConfig.deployDirectory Deployment of web application directory C:\Users\hi\Desktop\apache-tomcat-9.0.0.M15-windows-x64\apache-tomcat-9.0.0.M15\webapps\ROOT has finished in 16 ms
11-Jan-2017 14:32:38.591 정보 [main] org.apache.catalina.startup.Catalina.start Server startup in 686 ms
11-Jan-2017 14:32:38.606 심각 [main] org.apache.catalina.core.StandardServer.await StandardServer.await: create[localhost:8005]: 
 java.net.BindException: Address already in use: JVM_Bind
	at java.net.DualStackPlainSocketImpl.bind0(Native Method)
	at java.net.DualStackPlainSocketImpl.socketBind(DualStackPlainSocketImpl.java:106)
	at java.net.AbstractPlainSocketImpl.bind(AbstractPlainSocketImpl.java:387)
	at java.net.PlainSocketImpl.bind(PlainSocketImpl.java:190)
	at java.net.ServerSocket.bind(ServerSocket.java:375)
	at java.net.ServerSocket.<init>(ServerSocket.java:237)
	at org.apache.catalina.core.StandardServer.await(StandardServer.java:441)
	at org.apache.catalina.startup.Catalina.await(Catalina.java:743)
	at org.apache.catalina.startup.Catalina.start(Catalina.java:689)
	at sun.reflect.NativeMethodAccessorImpl.invoke0(Native Method)
	at sun.reflect.NativeMethodAccessorImpl.invoke(NativeMethodAccessorImpl.java:62)
	at sun.reflect.DelegatingMethodAccessorImpl.invoke(DelegatingMethodAccessorImpl.java:43)
	at java.lang.reflect.Method.invoke(Method.java:498)
	at org.apache.catalina.startup.Bootstrap.start(Bootstrap.java:355)
	at org.apache.catalina.startup.Bootstrap.main(Bootstrap.java:495)

11-Jan-2017 14:32:38.606 정보 [main] org.apache.coyote.AbstractProtocol.pause Pausing ProtocolHandler ["http-nio-8080"]
11-Jan-2017 14:32:38.606 정보 [main] org.apache.coyote.AbstractProtocol.pause Pausing ProtocolHandler ["ajp-nio-8009"]
11-Jan-2017 14:32:38.606 정보 [main] org.apache.catalina.core.StandardService.stopInternal Stopping service Catalina
11-Jan-2017 14:32:38.622 정보 [main] org.apache.coyote.AbstractProtocol.stop Stopping ProtocolHandler ["http-nio-8080"]
11-Jan-2017 14:32:38.622 정보 [main] org.apache.coyote.AbstractProtocol.destroy Destroying ProtocolHandler ["http-nio-8080"]
11-Jan-2017 14:32:38.622 정보 [main] org.apache.coyote.AbstractProtocol.stop Stopping ProtocolHandler ["ajp-nio-8009"]
11-Jan-2017 14:32:38.622 정보 [main] org.apache.coyote.AbstractProtocol.destroy Destroying ProtocolHandler ["ajp-nio-8009"]
11-Jan-2017 14:32:46.494 정보 [main] org.apache.catalina.startup.VersionLoggerListener.log Server version:        Apache Tomcat/9.0.0.M15
11-Jan-2017 14:32:46.509 정보 [main] org.apache.catalina.startup.VersionLoggerListener.log Server built:          Dec 5 2016 13:44:25 UTC
11-Jan-2017 14:32:46.509 정보 [main] org.apache.catalina.startup.VersionLoggerListener.log Server number:         9.0.0.0
11-Jan-2017 14:32:46.509 정보 [main] org.apache.catalina.startup.VersionLoggerListener.log OS Name:               Windows 7
11-Jan-2017 14:32:46.509 정보 [main] org.apache.catalina.startup.VersionLoggerListener.log OS Version:            6.1
11-Jan-2017 14:32:46.509 정보 [main] org.apache.catalina.startup.VersionLoggerListener.log Architecture:          amd64
11-Jan-2017 14:32:46.509 정보 [main] org.apache.catalina.startup.VersionLoggerListener.log Java Home:             C:\Program Files\Java\jdk1.8.0_111\jre
11-Jan-2017 14:32:46.509 정보 [main] org.apache.catalina.startup.VersionLoggerListener.log JVM Version:           1.8.0_111-b14
11-Jan-2017 14:32:46.509 정보 [main] org.apache.catalina.startup.VersionLoggerListener.log JVM Vendor:            Oracle Corporation
11-Jan-2017 14:32:46.509 정보 [main] org.apache.catalina.startup.VersionLoggerListener.log CATALINA_BASE:         C:\Users\hi\Desktop\apache-tomcat-9.0.0.M15-windows-x64\apache-tomcat-9.0.0.M15
11-Jan-2017 14:32:46.509 정보 [main] org.apache.catalina.startup.VersionLoggerListener.log CATALINA_HOME:         C:\Users\hi\Desktop\apache-tomcat-9.0.0.M15-windows-x64\apache-tomcat-9.0.0.M15
11-Jan-2017 14:32:46.509 정보 [main] org.apache.catalina.startup.VersionLoggerListener.log Command line argument: -Djava.util.logging.config.file=C:\Users\hi\Desktop\apache-tomcat-9.0.0.M15-windows-x64\apache-tomcat-9.0.0.M15\conf\logging.properties
11-Jan-2017 14:32:46.509 정보 [main] org.apache.catalina.startup.VersionLoggerListener.log Command line argument: -Djava.util.logging.manager=org.apache.juli.ClassLoaderLogManager
11-Jan-2017 14:32:46.509 정보 [main] org.apache.catalina.startup.VersionLoggerListener.log Command line argument: -Djdk.tls.ephemeralDHKeySize=2048
11-Jan-2017 14:32:46.509 정보 [main] org.apache.catalina.startup.VersionLoggerListener.log Command line argument: -Djava.protocol.handler.pkgs=org.apache.catalina.webresources
11-Jan-2017 14:32:46.525 정보 [main] org.apache.catalina.startup.VersionLoggerListener.log Command line argument: -Dcatalina.base=C:\Users\hi\Desktop\apache-tomcat-9.0.0.M15-windows-x64\apache-tomcat-9.0.0.M15
11-Jan-2017 14:32:46.525 정보 [main] org.apache.catalina.startup.VersionLoggerListener.log Command line argument: -Dcatalina.home=C:\Users\hi\Desktop\apache-tomcat-9.0.0.M15-windows-x64\apache-tomcat-9.0.0.M15
11-Jan-2017 14:32:46.525 정보 [main] org.apache.catalina.startup.VersionLoggerListener.log Command line argument: -Djava.io.tmpdir=C:\Users\hi\Desktop\apache-tomcat-9.0.0.M15-windows-x64\apache-tomcat-9.0.0.M15\temp
11-Jan-2017 14:32:46.525 정보 [main] org.apache.catalina.core.AprLifecycleListener.lifecycleEvent Loaded APR based Apache Tomcat Native library 1.2.10 using APR version 1.5.2.
11-Jan-2017 14:32:46.525 정보 [main] org.apache.catalina.core.AprLifecycleListener.lifecycleEvent APR capabilities: IPv6 [true], sendfile [true], accept filters [false], random [true].
11-Jan-2017 14:32:46.525 정보 [main] org.apache.catalina.core.AprLifecycleListener.lifecycleEvent APR/OpenSSL configuration: useAprConnector [false], useOpenSSL [true]
11-Jan-2017 14:32:46.993 정보 [main] org.apache.catalina.core.AprLifecycleListener.initializeSSL OpenSSL successfully initialized (OpenSSL 1.0.2j  26 Sep 2016)
11-Jan-2017 14:32:47.102 정보 [main] org.apache.coyote.AbstractProtocol.init Initializing ProtocolHandler ["http-nio-8080"]
11-Jan-2017 14:32:47.118 심각 [main] org.apache.catalina.util.LifecycleBase.handleSubClassException Failed to initialize component [Connector[HTTP/1.1-8080]]
 org.apache.catalina.LifecycleException: Protocol handler initialization failed
	at org.apache.catalina.connector.Connector.initInternal(Connector.java:944)
	at org.apache.catalina.util.LifecycleBase.init(LifecycleBase.java:136)
	at org.apache.catalina.core.StandardService.initInternal(StandardService.java:530)
	at org.apache.catalina.util.LifecycleBase.init(LifecycleBase.java:136)
	at org.apache.catalina.core.StandardServer.initInternal(StandardServer.java:875)
	at org.apache.catalina.util.LifecycleBase.init(LifecycleBase.java:136)
	at org.apache.catalina.startup.Catalina.load(Catalina.java:606)
	at org.apache.catalina.startup.Catalina.load(Catalina.java:629)
	at sun.reflect.NativeMethodAccessorImpl.invoke0(Native Method)
	at sun.reflect.NativeMethodAccessorImpl.invoke(NativeMethodAccessorImpl.java:62)
	at sun.reflect.DelegatingMethodAccessorImpl.invoke(DelegatingMethodAccessorImpl.java:43)
	at java.lang.reflect.Method.invoke(Method.java:498)
	at org.apache.catalina.startup.Bootstrap.load(Bootstrap.java:311)
	at org.apache.catalina.startup.Bootstrap.main(Bootstrap.java:494)
Caused by: java.net.BindException: Address already in use: bind
	at sun.nio.ch.Net.bind0(Native Method)
	at sun.nio.ch.Net.bind(Net.java:433)
	at sun.nio.ch.Net.bind(Net.java:425)
	at sun.nio.ch.ServerSocketChannelImpl.bind(ServerSocketChannelImpl.java:223)
	at sun.nio.ch.ServerSocketAdaptor.bind(ServerSocketAdaptor.java:74)
	at org.apache.tomcat.util.net.NioEndpoint.bind(NioEndpoint.java:210)
	at org.apache.tomcat.util.net.AbstractEndpoint.init(AbstractEndpoint.java:941)
	at org.apache.coyote.AbstractProtocol.init(AbstractProtocol.java:542)
	at org.apache.coyote.http11.AbstractHttp11Protocol.init(AbstractHttp11Protocol.java:68)
	at org.apache.catalina.connector.Connector.initInternal(Connector.java:941)
	... 13 more

11-Jan-2017 14:32:47.118 정보 [main] org.apache.coyote.AbstractProtocol.init Initializing ProtocolHandler ["ajp-nio-8009"]
11-Jan-2017 14:32:47.118 심각 [main] org.apache.catalina.util.LifecycleBase.handleSubClassException Failed to initialize component [Connector[AJP/1.3-8009]]
 org.apache.catalina.LifecycleException: Protocol handler initialization failed
	at org.apache.catalina.connector.Connector.initInternal(Connector.java:944)
	at org.apache.catalina.util.LifecycleBase.init(LifecycleBase.java:136)
	at org.apache.catalina.core.StandardService.initInternal(StandardService.java:530)
	at org.apache.catalina.util.LifecycleBase.init(LifecycleBase.java:136)
	at org.apache.catalina.core.StandardServer.initInternal(StandardServer.java:875)
	at org.apache.catalina.util.LifecycleBase.init(LifecycleBase.java:136)
	at org.apache.catalina.startup.Catalina.load(Catalina.java:606)
	at org.apache.catalina.startup.Catalina.load(Catalina.java:629)
	at sun.reflect.NativeMethodAccessorImpl.invoke0(Native Method)
	at sun.reflect.NativeMethodAccessorImpl.invoke(NativeMethodAccessorImpl.java:62)
	at sun.reflect.DelegatingMethodAccessorImpl.invoke(DelegatingMethodAccessorImpl.java:43)
	at java.lang.reflect.Method.invoke(Method.java:498)
	at org.apache.catalina.startup.Bootstrap.load(Bootstrap.java:311)
	at org.apache.catalina.startup.Bootstrap.main(Bootstrap.java:494)
Caused by: java.net.BindException: Address already in use: bind
	at sun.nio.ch.Net.bind0(Native Method)
	at sun.nio.ch.Net.bind(Net.java:433)
	at sun.nio.ch.Net.bind(Net.java:425)
	at sun.nio.ch.ServerSocketChannelImpl.bind(ServerSocketChannelImpl.java:223)
	at sun.nio.ch.ServerSocketAdaptor.bind(ServerSocketAdaptor.java:74)
	at org.apache.tomcat.util.net.NioEndpoint.bind(NioEndpoint.java:210)
	at org.apache.tomcat.util.net.AbstractEndpoint.init(AbstractEndpoint.java:941)
	at org.apache.coyote.AbstractProtocol.init(AbstractProtocol.java:542)
	at org.apache.catalina.connector.Connector.initInternal(Connector.java:941)
	... 13 more

11-Jan-2017 14:32:47.133 정보 [main] org.apache.catalina.startup.Catalina.load Initialization processed in 960 ms
11-Jan-2017 14:32:47.149 정보 [main] org.apache.catalina.core.StandardService.startInternal Starting service Catalina
11-Jan-2017 14:32:47.165 정보 [main] org.apache.catalina.core.StandardEngine.startInternal Starting Servlet Engine: Apache Tomcat/9.0.0.M15
11-Jan-2017 14:32:47.165 정보 [localhost-startStop-1] org.apache.catalina.startup.HostConfig.deployDescriptor Deploying configuration descriptor C:\Users\hi\Desktop\apache-tomcat-9.0.0.M15-windows-x64\apache-tomcat-9.0.0.M15\conf\Catalina\localhost\MyHome1.xml
11-Jan-2017 14:32:47.477 정보 [localhost-startStop-1] org.apache.catalina.startup.HostConfig.deployDescriptor Deployment of configuration descriptor C:\Users\hi\Desktop\apache-tomcat-9.0.0.M15-windows-x64\apache-tomcat-9.0.0.M15\conf\Catalina\localhost\MyHome1.xml has finished in 312 ms
11-Jan-2017 14:32:47.477 정보 [localhost-startStop-1] org.apache.catalina.startup.HostConfig.deployDescriptor Deploying configuration descriptor C:\Users\hi\Desktop\apache-tomcat-9.0.0.M15-windows-x64\apache-tomcat-9.0.0.M15\conf\Catalina\localhost\MyHome2.xml
11-Jan-2017 14:32:47.477 심각 [localhost-startStop-1] org.apache.catalina.core.ContainerBase.addChildInternal ContainerBase.addChild: start: 
 org.apache.catalina.LifecycleException: Failed to start component [org.apache.catalina.webresources.StandardRoot@7d8e7643]
	at org.apache.catalina.util.LifecycleBase.handleSubClassException(LifecycleBase.java:441)
	at org.apache.catalina.util.LifecycleBase.start(LifecycleBase.java:198)
	at org.apache.catalina.core.StandardContext.resourcesStart(StandardContext.java:4832)
	at org.apache.catalina.core.StandardContext.startInternal(StandardContext.java:4964)
	at org.apache.catalina.util.LifecycleBase.start(LifecycleBase.java:183)
	at org.apache.catalina.core.ContainerBase.addChildInternal(ContainerBase.java:752)
	at org.apache.catalina.core.ContainerBase.addChild(ContainerBase.java:728)
	at org.apache.catalina.core.StandardHost.addChild(StandardHost.java:734)
	at org.apache.catalina.startup.HostConfig.deployDescriptor(HostConfig.java:596)
	at org.apache.catalina.startup.HostConfig$DeployDescriptor.run(HostConfig.java:1805)
	at java.util.concurrent.Executors$RunnableAdapter.call(Executors.java:511)
	at java.util.concurrent.FutureTask.run(FutureTask.java:266)
	at java.util.concurrent.ThreadPoolExecutor.runWorker(ThreadPoolExecutor.java:1142)
	at java.util.concurrent.ThreadPoolExecutor$Worker.run(ThreadPoolExecutor.java:617)
	at java.lang.Thread.run(Thread.java:745)
Caused by: java.lang.IllegalArgumentException: The main resource set specified [D:\minseok\SmartContents\java\workspace_2017011\MyHome2] is not valid
	at org.apache.catalina.webresources.StandardRoot.createMainResourceSet(StandardRoot.java:733)
	at org.apache.catalina.webresources.StandardRoot.startInternal(StandardRoot.java:690)
	at org.apache.catalina.util.LifecycleBase.start(LifecycleBase.java:183)
	... 13 more

11-Jan-2017 14:32:47.492 심각 [localhost-startStop-1] org.apache.catalina.startup.HostConfig.deployDescriptor Error deploying configuration descriptor C:\Users\hi\Desktop\apache-tomcat-9.0.0.M15-windows-x64\apache-tomcat-9.0.0.M15\conf\Catalina\localhost\MyHome2.xml
 java.lang.IllegalStateException: ContainerBase.addChild: start: org.apache.catalina.LifecycleException: Failed to start component [org.apache.catalina.webresources.StandardRoot@7d8e7643]
	at org.apache.catalina.core.ContainerBase.addChildInternal(ContainerBase.java:756)
	at org.apache.catalina.core.ContainerBase.addChild(ContainerBase.java:728)
	at org.apache.catalina.core.StandardHost.addChild(StandardHost.java:734)
	at org.apache.catalina.startup.HostConfig.deployDescriptor(HostConfig.java:596)
	at org.apache.catalina.startup.HostConfig$DeployDescriptor.run(HostConfig.java:1805)
	at java.util.concurrent.Executors$RunnableAdapter.call(Executors.java:511)
	at java.util.concurrent.FutureTask.run(FutureTask.java:266)
	at java.util.concurrent.ThreadPoolExecutor.runWorker(ThreadPoolExecutor.java:1142)
	at java.util.concurrent.ThreadPoolExecutor$Worker.run(ThreadPoolExecutor.java:617)
	at java.lang.Thread.run(Thread.java:745)

11-Jan-2017 14:32:47.492 정보 [localhost-startStop-1] org.apache.catalina.startup.HostConfig.deployDescriptor Deployment of configuration descriptor C:\Users\hi\Desktop\apache-tomcat-9.0.0.M15-windows-x64\apache-tomcat-9.0.0.M15\conf\Catalina\localhost\MyHome2.xml has finished in 15 ms
11-Jan-2017 14:32:47.492 정보 [localhost-startStop-1] org.apache.catalina.startup.HostConfig.deployDirectory Deploying web application directory C:\Users\hi\Desktop\apache-tomcat-9.0.0.M15-windows-x64\apache-tomcat-9.0.0.M15\webapps\docs
11-Jan-2017 14:32:47.523 정보 [localhost-startStop-1] org.apache.catalina.startup.HostConfig.deployDirectory Deployment of web application directory C:\Users\hi\Desktop\apache-tomcat-9.0.0.M15-windows-x64\apache-tomcat-9.0.0.M15\webapps\docs has finished in 16 ms
11-Jan-2017 14:32:47.523 정보 [localhost-startStop-1] org.apache.catalina.startup.HostConfig.deployDirectory Deploying web application directory C:\Users\hi\Desktop\apache-tomcat-9.0.0.M15-windows-x64\apache-tomcat-9.0.0.M15\webapps\examples
11-Jan-2017 14:32:47.804 정보 [localhost-startStop-1] org.apache.catalina.startup.HostConfig.deployDirectory Deployment of web application directory C:\Users\hi\Desktop\apache-tomcat-9.0.0.M15-windows-x64\apache-tomcat-9.0.0.M15\webapps\examples has finished in 281 ms
11-Jan-2017 14:32:47.804 정보 [localhost-startStop-1] org.apache.catalina.startup.HostConfig.deployDirectory Deploying web application directory C:\Users\hi\Desktop\apache-tomcat-9.0.0.M15-windows-x64\apache-tomcat-9.0.0.M15\webapps\host-manager
11-Jan-2017 14:32:47.820 정보 [localhost-startStop-1] org.apache.catalina.startup.HostConfig.deployDirectory Deployment of web application directory C:\Users\hi\Desktop\apache-tomcat-9.0.0.M15-windows-x64\apache-tomcat-9.0.0.M15\webapps\host-manager has finished in 16 ms
11-Jan-2017 14:32:47.820 정보 [localhost-startStop-1] org.apache.catalina.startup.HostConfig.deployDirectory Deploying web application directory C:\Users\hi\Desktop\apache-tomcat-9.0.0.M15-windows-x64\apache-tomcat-9.0.0.M15\webapps\manager
11-Jan-2017 14:32:47.851 정보 [localhost-startStop-1] org.apache.catalina.startup.HostConfig.deployDirectory Deployment of web application directory C:\Users\hi\Desktop\apache-tomcat-9.0.0.M15-windows-x64\apache-tomcat-9.0.0.M15\webapps\manager has finished in 31 ms
11-Jan-2017 14:32:47.851 정보 [localhost-startStop-1] org.apache.catalina.startup.HostConfig.deployDirectory Deploying web application directory C:\Users\hi\Desktop\apache-tomcat-9.0.0.M15-windows-x64\apache-tomcat-9.0.0.M15\webapps\ROOT
11-Jan-2017 14:32:47.867 정보 [localhost-startStop-1] org.apache.catalina.startup.HostConfig.deployDirectory Deployment of web application directory C:\Users\hi\Desktop\apache-tomcat-9.0.0.M15-windows-x64\apache-tomcat-9.0.0.M15\webapps\ROOT has finished in 16 ms
11-Jan-2017 14:32:47.882 정보 [main] org.apache.catalina.startup.Catalina.start Server startup in 747 ms
11-Jan-2017 14:32:47.882 심각 [main] org.apache.catalina.core.StandardServer.await StandardServer.await: create[localhost:8005]: 
 java.net.BindException: Address already in use: JVM_Bind
	at java.net.DualStackPlainSocketImpl.bind0(Native Method)
	at java.net.DualStackPlainSocketImpl.socketBind(DualStackPlainSocketImpl.java:106)
	at java.net.AbstractPlainSocketImpl.bind(AbstractPlainSocketImpl.java:387)
	at java.net.PlainSocketImpl.bind(PlainSocketImpl.java:190)
	at java.net.ServerSocket.bind(ServerSocket.java:375)
	at java.net.ServerSocket.<init>(ServerSocket.java:237)
	at org.apache.catalina.core.StandardServer.await(StandardServer.java:441)
	at org.apache.catalina.startup.Catalina.await(Catalina.java:743)
	at org.apache.catalina.startup.Catalina.start(Catalina.java:689)
	at sun.reflect.NativeMethodAccessorImpl.invoke0(Native Method)
	at sun.reflect.NativeMethodAccessorImpl.invoke(NativeMethodAccessorImpl.java:62)
	at sun.reflect.DelegatingMethodAccessorImpl.invoke(DelegatingMethodAccessorImpl.java:43)
	at java.lang.reflect.Method.invoke(Method.java:498)
	at org.apache.catalina.startup.Bootstrap.start(Bootstrap.java:355)
	at org.apache.catalina.startup.Bootstrap.main(Bootstrap.java:495)

11-Jan-2017 14:32:47.882 정보 [main] org.apache.coyote.AbstractProtocol.pause Pausing ProtocolHandler ["http-nio-8080"]
11-Jan-2017 14:32:47.882 정보 [main] org.apache.coyote.AbstractProtocol.pause Pausing ProtocolHandler ["ajp-nio-8009"]
11-Jan-2017 14:32:47.882 정보 [main] org.apache.catalina.core.StandardService.stopInternal Stopping service Catalina
11-Jan-2017 14:32:47.898 정보 [main] org.apache.coyote.AbstractProtocol.stop Stopping ProtocolHandler ["http-nio-8080"]
11-Jan-2017 14:32:47.898 정보 [main] org.apache.coyote.AbstractProtocol.destroy Destroying ProtocolHandler ["http-nio-8080"]
11-Jan-2017 14:32:47.898 정보 [main] org.apache.coyote.AbstractProtocol.stop Stopping ProtocolHandler ["ajp-nio-8009"]
11-Jan-2017 14:32:47.913 정보 [main] org.apache.coyote.AbstractProtocol.destroy Destroying ProtocolHandler ["ajp-nio-8009"]
11-Jan-2017 14:39:32.564 정보 [main] org.apache.catalina.startup.VersionLoggerListener.log Server version:        Apache Tomcat/9.0.0.M15
11-Jan-2017 14:39:32.564 정보 [main] org.apache.catalina.startup.VersionLoggerListener.log Server built:          Dec 5 2016 13:44:25 UTC
11-Jan-2017 14:39:32.564 정보 [main] org.apache.catalina.startup.VersionLoggerListener.log Server number:         9.0.0.0
11-Jan-2017 14:39:32.580 정보 [main] org.apache.catalina.startup.VersionLoggerListener.log OS Name:               Windows 7
11-Jan-2017 14:39:32.580 정보 [main] org.apache.catalina.startup.VersionLoggerListener.log OS Version:            6.1
11-Jan-2017 14:39:32.580 정보 [main] org.apache.catalina.startup.VersionLoggerListener.log Architecture:          amd64
11-Jan-2017 14:39:32.580 정보 [main] org.apache.catalina.startup.VersionLoggerListener.log Java Home:             C:\Program Files\Java\jdk1.8.0_111\jre
11-Jan-2017 14:39:32.580 정보 [main] org.apache.catalina.startup.VersionLoggerListener.log JVM Version:           1.8.0_111-b14
11-Jan-2017 14:39:32.580 정보 [main] org.apache.catalina.startup.VersionLoggerListener.log JVM Vendor:            Oracle Corporation
11-Jan-2017 14:39:32.580 정보 [main] org.apache.catalina.startup.VersionLoggerListener.log CATALINA_BASE:         D:\minseok\SmartContents\java\apache-tomcat-9.0.0.M15-windows-x64\apache-tomcat-9.0.0.M15
11-Jan-2017 14:39:32.580 정보 [main] org.apache.catalina.startup.VersionLoggerListener.log CATALINA_HOME:         D:\minseok\SmartContents\java\apache-tomcat-9.0.0.M15-windows-x64\apache-tomcat-9.0.0.M15
11-Jan-2017 14:39:32.580 정보 [main] org.apache.catalina.startup.VersionLoggerListener.log Command line argument: -Djava.util.logging.config.file=D:\minseok\SmartContents\java\apache-tomcat-9.0.0.M15-windows-x64\apache-tomcat-9.0.0.M15\conf\logging.properties
11-Jan-2017 14:39:32.580 정보 [main] org.apache.catalina.startup.VersionLoggerListener.log Command line argument: -Djava.util.logging.manager=org.apache.juli.ClassLoaderLogManager
11-Jan-2017 14:39:32.580 정보 [main] org.apache.catalina.startup.VersionLoggerListener.log Command line argument: -Djdk.tls.ephemeralDHKeySize=2048
11-Jan-2017 14:39:32.580 정보 [main] org.apache.catalina.startup.VersionLoggerListener.log Command line argument: -Djava.protocol.handler.pkgs=org.apache.catalina.webresources
11-Jan-2017 14:39:32.580 정보 [main] org.apache.catalina.startup.VersionLoggerListener.log Command line argument: -Dcatalina.base=D:\minseok\SmartContents\java\apache-tomcat-9.0.0.M15-windows-x64\apache-tomcat-9.0.0.M15
11-Jan-2017 14:39:32.580 정보 [main] org.apache.catalina.startup.VersionLoggerListener.log Command line argument: -Dcatalina.home=D:\minseok\SmartContents\java\apache-tomcat-9.0.0.M15-windows-x64\apache-tomcat-9.0.0.M15
11-Jan-2017 14:39:32.580 정보 [main] org.apache.catalina.startup.VersionLoggerListener.log Command line argument: -Djava.io.tmpdir=D:\minseok\SmartContents\java\apache-tomcat-9.0.0.M15-windows-x64\apache-tomcat-9.0.0.M15\temp
11-Jan-2017 14:39:32.580 정보 [main] org.apache.catalina.core.AprLifecycleListener.lifecycleEvent Loaded APR based Apache Tomcat Native library 1.2.10 using APR version 1.5.2.
11-Jan-2017 14:39:32.580 정보 [main] org.apache.catalina.core.AprLifecycleListener.lifecycleEvent APR capabilities: IPv6 [true], sendfile [true], accept filters [false], random [true].
11-Jan-2017 14:39:32.580 정보 [main] org.apache.catalina.core.AprLifecycleListener.lifecycleEvent APR/OpenSSL configuration: useAprConnector [false], useOpenSSL [true]
11-Jan-2017 14:39:33.064 정보 [main] org.apache.catalina.core.AprLifecycleListener.initializeSSL OpenSSL successfully initialized (OpenSSL 1.0.2j  26 Sep 2016)
11-Jan-2017 14:39:33.157 정보 [main] org.apache.coyote.AbstractProtocol.init Initializing ProtocolHandler ["http-nio-8080"]
11-Jan-2017 14:39:33.266 정보 [main] org.apache.tomcat.util.net.NioSelectorPool.getSharedSelector Using a shared selector for servlet write/read
11-Jan-2017 14:39:33.266 정보 [main] org.apache.coyote.AbstractProtocol.init Initializing ProtocolHandler ["ajp-nio-8009"]
11-Jan-2017 14:39:33.266 정보 [main] org.apache.tomcat.util.net.NioSelectorPool.getSharedSelector Using a shared selector for servlet write/read
11-Jan-2017 14:39:33.266 정보 [main] org.apache.catalina.startup.Catalina.load Initialization processed in 1031 ms
11-Jan-2017 14:39:33.298 정보 [main] org.apache.catalina.core.StandardService.startInternal Starting service Catalina
11-Jan-2017 14:39:33.298 정보 [main] org.apache.catalina.core.StandardEngine.startInternal Starting Servlet Engine: Apache Tomcat/9.0.0.M15
11-Jan-2017 14:39:33.313 정보 [localhost-startStop-1] org.apache.catalina.startup.HostConfig.deployDescriptor Deploying configuration descriptor D:\minseok\SmartContents\java\apache-tomcat-9.0.0.M15-windows-x64\apache-tomcat-9.0.0.M15\conf\Catalina\localhost\MyHome1.xml
11-Jan-2017 14:39:33.578 정보 [localhost-startStop-1] org.apache.catalina.startup.HostConfig.deployDescriptor Deployment of configuration descriptor D:\minseok\SmartContents\java\apache-tomcat-9.0.0.M15-windows-x64\apache-tomcat-9.0.0.M15\conf\Catalina\localhost\MyHome1.xml has finished in 265 ms
11-Jan-2017 14:39:33.578 정보 [localhost-startStop-1] org.apache.catalina.startup.HostConfig.deployDescriptor Deploying configuration descriptor D:\minseok\SmartContents\java\apache-tomcat-9.0.0.M15-windows-x64\apache-tomcat-9.0.0.M15\conf\Catalina\localhost\MyHome2.xml
11-Jan-2017 14:39:33.594 정보 [localhost-startStop-1] org.apache.catalina.startup.HostConfig.deployDescriptor Deployment of configuration descriptor D:\minseok\SmartContents\java\apache-tomcat-9.0.0.M15-windows-x64\apache-tomcat-9.0.0.M15\conf\Catalina\localhost\MyHome2.xml has finished in 16 ms
11-Jan-2017 14:39:33.594 정보 [localhost-startStop-1] org.apache.catalina.startup.HostConfig.deployDirectory Deploying web application directory D:\minseok\SmartContents\java\apache-tomcat-9.0.0.M15-windows-x64\apache-tomcat-9.0.0.M15\webapps\docs
11-Jan-2017 14:39:33.625 정보 [localhost-startStop-1] org.apache.catalina.startup.HostConfig.deployDirectory Deployment of web application directory D:\minseok\SmartContents\java\apache-tomcat-9.0.0.M15-windows-x64\apache-tomcat-9.0.0.M15\webapps\docs has finished in 31 ms
11-Jan-2017 14:39:33.625 정보 [localhost-startStop-1] org.apache.catalina.startup.HostConfig.deployDirectory Deploying web application directory D:\minseok\SmartContents\java\apache-tomcat-9.0.0.M15-windows-x64\apache-tomcat-9.0.0.M15\webapps\examples
11-Jan-2017 14:39:33.859 정보 [localhost-startStop-1] org.apache.catalina.startup.HostConfig.deployDirectory Deployment of web application directory D:\minseok\SmartContents\java\apache-tomcat-9.0.0.M15-windows-x64\apache-tomcat-9.0.0.M15\webapps\examples has finished in 234 ms
11-Jan-2017 14:39:33.859 정보 [localhost-startStop-1] org.apache.catalina.startup.HostConfig.deployDirectory Deploying web application directory D:\minseok\SmartContents\java\apache-tomcat-9.0.0.M15-windows-x64\apache-tomcat-9.0.0.M15\webapps\host-manager
11-Jan-2017 14:39:33.875 정보 [localhost-startStop-1] org.apache.catalina.startup.HostConfig.deployDirectory Deployment of web application directory D:\minseok\SmartContents\java\apache-tomcat-9.0.0.M15-windows-x64\apache-tomcat-9.0.0.M15\webapps\host-manager has finished in 16 ms
11-Jan-2017 14:39:33.875 정보 [localhost-startStop-1] org.apache.catalina.startup.HostConfig.deployDirectory Deploying web application directory D:\minseok\SmartContents\java\apache-tomcat-9.0.0.M15-windows-x64\apache-tomcat-9.0.0.M15\webapps\manager
11-Jan-2017 14:39:33.906 정보 [localhost-startStop-1] org.apache.catalina.startup.HostConfig.deployDirectory Deployment of web application directory D:\minseok\SmartContents\java\apache-tomcat-9.0.0.M15-windows-x64\apache-tomcat-9.0.0.M15\webapps\manager has finished in 31 ms
11-Jan-2017 14:39:33.906 정보 [localhost-startStop-1] org.apache.catalina.startup.HostConfig.deployDirectory Deploying web application directory D:\minseok\SmartContents\java\apache-tomcat-9.0.0.M15-windows-x64\apache-tomcat-9.0.0.M15\webapps\ROOT
11-Jan-2017 14:39:33.922 정보 [localhost-startStop-1] org.apache.catalina.startup.HostConfig.deployDirectory Deployment of web application directory D:\minseok\SmartContents\java\apache-tomcat-9.0.0.M15-windows-x64\apache-tomcat-9.0.0.M15\webapps\ROOT has finished in 16 ms
11-Jan-2017 14:39:33.922 정보 [main] org.apache.coyote.AbstractProtocol.start Starting ProtocolHandler [http-nio-8080]
11-Jan-2017 14:39:33.937 정보 [main] org.apache.coyote.AbstractProtocol.start Starting ProtocolHandler [ajp-nio-8009]
11-Jan-2017 14:39:33.937 정보 [main] org.apache.catalina.startup.Catalina.start Server startup in 665 ms
11-Jan-2017 14:44:34.043 정보 [ContainerBackgroundProcessor[StandardEngine[Catalina]]] org.apache.catalina.startup.HostConfig.undeploy Undeploying context [/MyHome2]
11-Jan-2017 14:44:34.074 정보 [localhost-startStop-2] org.apache.catalina.startup.HostConfig.deployDescriptor Deploying configuration descriptor D:\minseok\SmartContents\java\apache-tomcat-9.0.0.M15-windows-x64\apache-tomcat-9.0.0.M15\conf\Catalina\localhost\MyHome2.xml
11-Jan-2017 14:44:34.121 정보 [localhost-startStop-2] org.apache.catalina.startup.HostConfig.deployDescriptor Deployment of configuration descriptor D:\minseok\SmartContents\java\apache-tomcat-9.0.0.M15-windows-x64\apache-tomcat-9.0.0.M15\conf\Catalina\localhost\MyHome2.xml has finished in 47 ms
11-Jan-2017 14:44:54.143 정보 [ContainerBackgroundProcessor[StandardEngine[Catalina]]] org.apache.catalina.startup.HostConfig.undeploy Undeploying context [/MyHome2]
11-Jan-2017 14:44:54.159 정보 [localhost-startStop-3] org.apache.catalina.startup.HostConfig.deployDescriptor Deploying configuration descriptor D:\minseok\SmartContents\java\apache-tomcat-9.0.0.M15-windows-x64\apache-tomcat-9.0.0.M15\conf\Catalina\localhost\MyHome2.xml
11-Jan-2017 14:44:54.201 정보 [localhost-startStop-3] org.apache.catalina.startup.HostConfig.deployDescriptor Deployment of configuration descriptor D:\minseok\SmartContents\java\apache-tomcat-9.0.0.M15-windows-x64\apache-tomcat-9.0.0.M15\conf\Catalina\localhost\MyHome2.xml has finished in 42 ms
11-Jan-2017 15:41:37.179 정보 [main] org.apache.catalina.startup.VersionLoggerListener.log Server version:        Apache Tomcat/9.0.0.M15
11-Jan-2017 15:41:37.179 정보 [main] org.apache.catalina.startup.VersionLoggerListener.log Server built:          Dec 5 2016 13:44:25 UTC
11-Jan-2017 15:41:37.179 정보 [main] org.apache.catalina.startup.VersionLoggerListener.log Server number:         9.0.0.0
11-Jan-2017 15:41:37.179 정보 [main] org.apache.catalina.startup.VersionLoggerListener.log OS Name:               Windows 7
11-Jan-2017 15:41:37.179 정보 [main] org.apache.catalina.startup.VersionLoggerListener.log OS Version:            6.1
11-Jan-2017 15:41:37.179 정보 [main] org.apache.catalina.startup.VersionLoggerListener.log Architecture:          amd64
11-Jan-2017 15:41:37.179 정보 [main] org.apache.catalina.startup.VersionLoggerListener.log Java Home:             C:\Program Files\Java\jdk1.8.0_111\jre
11-Jan-2017 15:41:37.195 정보 [main] org.apache.catalina.startup.VersionLoggerListener.log JVM Version:           1.8.0_111-b14
11-Jan-2017 15:41:37.195 정보 [main] org.apache.catalina.startup.VersionLoggerListener.log JVM Vendor:            Oracle Corporation
11-Jan-2017 15:41:37.195 정보 [main] org.apache.catalina.startup.VersionLoggerListener.log CATALINA_BASE:         D:\minseok\SmartContents\java\apache-tomcat-9.0.0.M15-windows-x64\apache-tomcat-9.0.0.M15
11-Jan-2017 15:41:37.195 정보 [main] org.apache.catalina.startup.VersionLoggerListener.log CATALINA_HOME:         D:\minseok\SmartContents\java\apache-tomcat-9.0.0.M15-windows-x64\apache-tomcat-9.0.0.M15
11-Jan-2017 15:41:37.195 정보 [main] org.apache.catalina.startup.VersionLoggerListener.log Command line argument: -Djava.util.logging.config.file=D:\minseok\SmartContents\java\apache-tomcat-9.0.0.M15-windows-x64\apache-tomcat-9.0.0.M15\conf\logging.properties
11-Jan-2017 15:41:37.195 정보 [main] org.apache.catalina.startup.VersionLoggerListener.log Command line argument: -Djava.util.logging.manager=org.apache.juli.ClassLoaderLogManager
11-Jan-2017 15:41:37.195 정보 [main] org.apache.catalina.startup.VersionLoggerListener.log Command line argument: -Djdk.tls.ephemeralDHKeySize=2048
11-Jan-2017 15:41:37.195 정보 [main] org.apache.catalina.startup.VersionLoggerListener.log Command line argument: -Djava.protocol.handler.pkgs=org.apache.catalina.webresources
11-Jan-2017 15:41:37.195 정보 [main] org.apache.catalina.startup.VersionLoggerListener.log Command line argument: -Dcatalina.base=D:\minseok\SmartContents\java\apache-tomcat-9.0.0.M15-windows-x64\apache-tomcat-9.0.0.M15
11-Jan-2017 15:41:37.195 정보 [main] org.apache.catalina.startup.VersionLoggerListener.log Command line argument: -Dcatalina.home=D:\minseok\SmartContents\java\apache-tomcat-9.0.0.M15-windows-x64\apache-tomcat-9.0.0.M15
11-Jan-2017 15:41:37.195 정보 [main] org.apache.catalina.startup.VersionLoggerListener.log Command line argument: -Djava.io.tmpdir=D:\minseok\SmartContents\java\apache-tomcat-9.0.0.M15-windows-x64\apache-tomcat-9.0.0.M15\temp
11-Jan-2017 15:41:37.195 정보 [main] org.apache.catalina.core.AprLifecycleListener.lifecycleEvent Loaded APR based Apache Tomcat Native library 1.2.10 using APR version 1.5.2.
11-Jan-2017 15:41:37.195 정보 [main] org.apache.catalina.core.AprLifecycleListener.lifecycleEvent APR capabilities: IPv6 [true], sendfile [true], accept filters [false], random [true].
11-Jan-2017 15:41:37.195 정보 [main] org.apache.catalina.core.AprLifecycleListener.lifecycleEvent APR/OpenSSL configuration: useAprConnector [false], useOpenSSL [true]
11-Jan-2017 15:41:37.663 정보 [main] org.apache.catalina.core.AprLifecycleListener.initializeSSL OpenSSL successfully initialized (OpenSSL 1.0.2j  26 Sep 2016)
11-Jan-2017 15:41:37.772 정보 [main] org.apache.coyote.AbstractProtocol.init Initializing ProtocolHandler ["http-nio-8080"]
11-Jan-2017 15:41:37.850 정보 [main] org.apache.tomcat.util.net.NioSelectorPool.getSharedSelector Using a shared selector for servlet write/read
11-Jan-2017 15:41:37.850 정보 [main] org.apache.coyote.AbstractProtocol.init Initializing ProtocolHandler ["ajp-nio-8009"]
11-Jan-2017 15:41:37.850 정보 [main] org.apache.tomcat.util.net.NioSelectorPool.getSharedSelector Using a shared selector for servlet write/read
11-Jan-2017 15:41:37.850 정보 [main] org.apache.catalina.startup.Catalina.load Initialization processed in 1008 ms
11-Jan-2017 15:41:37.881 정보 [main] org.apache.catalina.core.StandardService.startInternal Starting service Catalina
11-Jan-2017 15:41:37.881 정보 [main] org.apache.catalina.core.StandardEngine.startInternal Starting Servlet Engine: Apache Tomcat/9.0.0.M15
11-Jan-2017 15:41:37.897 정보 [localhost-startStop-1] org.apache.catalina.startup.HostConfig.deployDescriptor Deploying configuration descriptor D:\minseok\SmartContents\java\apache-tomcat-9.0.0.M15-windows-x64\apache-tomcat-9.0.0.M15\conf\Catalina\localhost\MyHome1.xml
11-Jan-2017 15:41:37.944 심각 [localhost-startStop-1] org.apache.catalina.core.ContainerBase.addChildInternal ContainerBase.addChild: start: 
 org.apache.catalina.LifecycleException: Failed to start component [org.apache.catalina.webresources.StandardRoot@494cef2e]
	at org.apache.catalina.util.LifecycleBase.handleSubClassException(LifecycleBase.java:441)
	at org.apache.catalina.util.LifecycleBase.start(LifecycleBase.java:198)
	at org.apache.catalina.core.StandardContext.resourcesStart(StandardContext.java:4832)
	at org.apache.catalina.core.StandardContext.startInternal(StandardContext.java:4964)
	at org.apache.catalina.util.LifecycleBase.start(LifecycleBase.java:183)
	at org.apache.catalina.core.ContainerBase.addChildInternal(ContainerBase.java:752)
	at org.apache.catalina.core.ContainerBase.addChild(ContainerBase.java:728)
	at org.apache.catalina.core.StandardHost.addChild(StandardHost.java:734)
	at org.apache.catalina.startup.HostConfig.deployDescriptor(HostConfig.java:596)
	at org.apache.catalina.startup.HostConfig$DeployDescriptor.run(HostConfig.java:1805)
	at java.util.concurrent.Executors$RunnableAdapter.call(Executors.java:511)
	at java.util.concurrent.FutureTask.run(FutureTask.java:266)
	at java.util.concurrent.ThreadPoolExecutor.runWorker(ThreadPoolExecutor.java:1142)
	at java.util.concurrent.ThreadPoolExecutor$Worker.run(ThreadPoolExecutor.java:617)
	at java.lang.Thread.run(Thread.java:745)
Caused by: java.lang.IllegalArgumentException: The main resource set specified [D:\minseok\SmartContents\java\workspace_2017011\MyHome1] is not valid
	at org.apache.catalina.webresources.StandardRoot.createMainResourceSet(StandardRoot.java:733)
	at org.apache.catalina.webresources.StandardRoot.startInternal(StandardRoot.java:690)
	at org.apache.catalina.util.LifecycleBase.start(LifecycleBase.java:183)
	... 13 more

11-Jan-2017 15:41:37.944 심각 [localhost-startStop-1] org.apache.catalina.startup.HostConfig.deployDescriptor Error deploying configuration descriptor D:\minseok\SmartContents\java\apache-tomcat-9.0.0.M15-windows-x64\apache-tomcat-9.0.0.M15\conf\Catalina\localhost\MyHome1.xml
 java.lang.IllegalStateException: ContainerBase.addChild: start: org.apache.catalina.LifecycleException: Failed to start component [org.apache.catalina.webresources.StandardRoot@494cef2e]
	at org.apache.catalina.core.ContainerBase.addChildInternal(ContainerBase.java:756)
	at org.apache.catalina.core.ContainerBase.addChild(ContainerBase.java:728)
	at org.apache.catalina.core.StandardHost.addChild(StandardHost.java:734)
	at org.apache.catalina.startup.HostConfig.deployDescriptor(HostConfig.java:596)
	at org.apache.catalina.startup.HostConfig$DeployDescriptor.run(HostConfig.java:1805)
	at java.util.concurrent.Executors$RunnableAdapter.call(Executors.java:511)
	at java.util.concurrent.FutureTask.run(FutureTask.java:266)
	at java.util.concurrent.ThreadPoolExecutor.runWorker(ThreadPoolExecutor.java:1142)
	at java.util.concurrent.ThreadPoolExecutor$Worker.run(ThreadPoolExecutor.java:617)
	at java.lang.Thread.run(Thread.java:745)

11-Jan-2017 15:41:37.944 정보 [localhost-startStop-1] org.apache.catalina.startup.HostConfig.deployDescriptor Deployment of configuration descriptor D:\minseok\SmartContents\java\apache-tomcat-9.0.0.M15-windows-x64\apache-tomcat-9.0.0.M15\conf\Catalina\localhost\MyHome1.xml has finished in 47 ms
11-Jan-2017 15:41:37.944 정보 [localhost-startStop-1] org.apache.catalina.startup.HostConfig.deployDescriptor Deploying configuration descriptor D:\minseok\SmartContents\java\apache-tomcat-9.0.0.M15-windows-x64\apache-tomcat-9.0.0.M15\conf\Catalina\localhost\MyHome2.xml
11-Jan-2017 15:41:38.225 정보 [localhost-startStop-1] org.apache.catalina.startup.HostConfig.deployDescriptor Deployment of configuration descriptor D:\minseok\SmartContents\java\apache-tomcat-9.0.0.M15-windows-x64\apache-tomcat-9.0.0.M15\conf\Catalina\localhost\MyHome2.xml has finished in 281 ms
11-Jan-2017 15:41:38.225 정보 [localhost-startStop-1] org.apache.catalina.startup.HostConfig.deployDirectory Deploying web application directory D:\minseok\SmartContents\java\apache-tomcat-9.0.0.M15-windows-x64\apache-tomcat-9.0.0.M15\webapps\docs
11-Jan-2017 15:41:38.240 정보 [localhost-startStop-1] org.apache.catalina.startup.HostConfig.deployDirectory Deployment of web application directory D:\minseok\SmartContents\java\apache-tomcat-9.0.0.M15-windows-x64\apache-tomcat-9.0.0.M15\webapps\docs has finished in 15 ms
11-Jan-2017 15:41:38.256 정보 [localhost-startStop-1] org.apache.catalina.startup.HostConfig.deployDirectory Deploying web application directory D:\minseok\SmartContents\java\apache-tomcat-9.0.0.M15-windows-x64\apache-tomcat-9.0.0.M15\webapps\examples
11-Jan-2017 15:41:38.521 정보 [localhost-startStop-1] org.apache.catalina.startup.HostConfig.deployDirectory Deployment of web application directory D:\minseok\SmartContents\java\apache-tomcat-9.0.0.M15-windows-x64\apache-tomcat-9.0.0.M15\webapps\examples has finished in 265 ms
11-Jan-2017 15:41:38.521 정보 [localhost-startStop-1] org.apache.catalina.startup.HostConfig.deployDirectory Deploying web application directory D:\minseok\SmartContents\java\apache-tomcat-9.0.0.M15-windows-x64\apache-tomcat-9.0.0.M15\webapps\host-manager
11-Jan-2017 15:41:38.552 정보 [localhost-startStop-1] org.apache.catalina.startup.HostConfig.deployDirectory Deployment of web application directory D:\minseok\SmartContents\java\apache-tomcat-9.0.0.M15-windows-x64\apache-tomcat-9.0.0.M15\webapps\host-manager has finished in 31 ms
11-Jan-2017 15:41:38.552 정보 [localhost-startStop-1] org.apache.catalina.startup.HostConfig.deployDirectory Deploying web application directory D:\minseok\SmartContents\java\apache-tomcat-9.0.0.M15-windows-x64\apache-tomcat-9.0.0.M15\webapps\manager
11-Jan-2017 15:41:38.568 정보 [localhost-startStop-1] org.apache.catalina.startup.HostConfig.deployDirectory Deployment of web application directory D:\minseok\SmartContents\java\apache-tomcat-9.0.0.M15-windows-x64\apache-tomcat-9.0.0.M15\webapps\manager has finished in 16 ms
11-Jan-2017 15:41:38.583 정보 [localhost-startStop-1] org.apache.catalina.startup.HostConfig.deployDirectory Deploying web application directory D:\minseok\SmartContents\java\apache-tomcat-9.0.0.M15-windows-x64\apache-tomcat-9.0.0.M15\webapps\ROOT
11-Jan-2017 15:41:38.599 정보 [localhost-startStop-1] org.apache.catalina.startup.HostConfig.deployDirectory Deployment of web application directory D:\minseok\SmartContents\java\apache-tomcat-9.0.0.M15-windows-x64\apache-tomcat-9.0.0.M15\webapps\ROOT has finished in 16 ms
11-Jan-2017 15:41:38.599 정보 [main] org.apache.coyote.AbstractProtocol.start Starting ProtocolHandler [http-nio-8080]
11-Jan-2017 15:41:38.599 정보 [main] org.apache.coyote.AbstractProtocol.start Starting ProtocolHandler [ajp-nio-8009]
11-Jan-2017 15:41:38.615 정보 [main] org.apache.catalina.startup.Catalina.start Server startup in 753 ms
11-Jan-2017 15:42:29.123 정보 [ContainerBackgroundProcessor[StandardEngine[Catalina]]] org.apache.catalina.startup.HostConfig.undeploy Undeploying context [/MyHome1]
